Determining if the pthread_create exist failed with the following output:
Change Dir: /home/hrigroup2/projects/ros_cws_planner/build/franka_panda_description/CMakeFiles/CMakeTmp

Run Build Command:"/usr/bin/make" "cmTC_89e1c/fast"
/usr/bin/make -f CMakeFiles/cmTC_89e1c.dir/build.make CMakeFiles/cmTC_89e1c.dir/build
make[1]: Entering directory '/home/hrigroup2/projects/ros_cws_planner/build/franka_panda_description/CMakeFiles/CMakeTmp'
Building C object CMakeFiles/cmTC_89e1c.dir/CheckSymbolExists.c.o
/usr/bin/cc    -o CMakeFiles/cmTC_89e1c.dir/CheckSymbolExists.c.o   -c /home/hrigroup2/projects/ros_cws_planner/build/franka_panda_description/CMakeFiles/CMakeTmp/CheckSymbolExists.c
Linking C executable cmTC_89e1c
/usr/bin/cmake -E cmake_link_script CMakeFiles/cmTC_89e1c.dir/link.txt --verbose=1
/usr/bin/cc      -rdynamic CMakeFiles/cmTC_89e1c.dir/CheckSymbolExists.c.o  -o cmTC_89e1c 
CMakeFiles/cmTC_89e1c.dir/CheckSymbolExists.c.o: In function `main':
CheckSymbolExists.c:(.text+0x1b): undefined reference to `pthread_create'
collect2: error: ld returned 1 exit status
CMakeFiles/cmTC_89e1c.dir/build.make:97: recipe for target 'cmTC_89e1c' failed
make[1]: *** [cmTC_89e1c] Error 1
make[1]: Leaving directory '/home/hrigroup2/projects/ros_cws_planner/build/franka_panda_description/CMakeFiles/CMakeTmp'
Makefile:126: recipe for target 'cmTC_89e1c/fast' failed
make: *** [cmTC_89e1c/fast] Error 2

File /home/hrigroup2/projects/ros_cws_planner/build/franka_panda_description/CMakeFiles/CMakeTmp/CheckSymbolExists.c:
/* */
#include <pthread.h>

int main(int argc, char** argv)
{
  (void)argv;
#ifndef pthread_create
  return ((int*)(&pthread_create))[argc];
#else
  (void)argc;
  return 0;
#endif
}

Determining if the function pthread_create exists in the pthreads failed with the following output:
Change Dir: /home/hrigroup2/projects/ros_cws_planner/build/franka_panda_description/CMakeFiles/CMakeTmp

Run Build Command:"/usr/bin/make" "cmTC_f8fc3/fast"
/usr/bin/make -f CMakeFiles/cmTC_f8fc3.dir/build.make CMakeFiles/cmTC_f8fc3.dir/build
make[1]: Entering directory '/home/hrigroup2/projects/ros_cws_planner/build/franka_panda_description/CMakeFiles/CMakeTmp'
Building C object CMakeFiles/cmTC_f8fc3.dir/CheckFunctionExists.c.o
/usr/bin/cc   -DCHECK_FUNCTION_EXISTS=pthread_create   -o CMakeFiles/cmTC_f8fc3.dir/CheckFunctionExists.c.o   -c /usr/share/cmake-3.10/Modules/CheckFunctionExists.c
Linking C executable cmTC_f8fc3
/usr/bin/cmake -E cmake_link_script CMakeFiles/cmTC_f8fc3.dir/link.txt --verbose=1
/usr/bin/cc  -DCHECK_FUNCTION_EXISTS=pthread_create    -rdynamic CMakeFiles/cmTC_f8fc3.dir/CheckFunctionExists.c.o  -o cmTC_f8fc3 -lpthreads 
/usr/bin/ld: cannot find -lpthreads
collect2: error: ld returned 1 exit status
CMakeFiles/cmTC_f8fc3.dir/build.make:97: recipe for target 'cmTC_f8fc3' failed
make[1]: *** [cmTC_f8fc3] Error 1
make[1]: Leaving directory '/home/hrigroup2/projects/ros_cws_planner/build/franka_panda_description/CMakeFiles/CMakeTmp'
Makefile:126: recipe for target 'cmTC_f8fc3/fast' failed
make: *** [cmTC_f8fc3/fast] Error 2


