Determining if the pthread_create exist failed with the following output:
Change Dir: /home/morgan/projects/cws_ws/build/panda_hardware_interface/CMakeFiles/CMakeTmp

Run Build Command:"/usr/bin/make" "cmTC_e21ff/fast"
/usr/bin/make -f CMakeFiles/cmTC_e21ff.dir/build.make CMakeFiles/cmTC_e21ff.dir/build
make[1]: Entering directory '/home/morgan/projects/cws_ws/build/panda_hardware_interface/CMakeFiles/CMakeTmp'
Building C object CMakeFiles/cmTC_e21ff.dir/CheckSymbolExists.c.o
/usr/bin/cc    -o CMakeFiles/cmTC_e21ff.dir/CheckSymbolExists.c.o   -c /home/morgan/projects/cws_ws/build/panda_hardware_interface/CMakeFiles/CMakeTmp/CheckSymbolExists.c
Linking C executable cmTC_e21ff
/usr/bin/cmake -E cmake_link_script CMakeFiles/cmTC_e21ff.dir/link.txt --verbose=1
/usr/bin/cc      -rdynamic CMakeFiles/cmTC_e21ff.dir/CheckSymbolExists.c.o  -o cmTC_e21ff 
CMakeFiles/cmTC_e21ff.dir/CheckSymbolExists.c.o: In function `main':
CheckSymbolExists.c:(.text+0x1b): undefined reference to `pthread_create'
collect2: error: ld returned 1 exit status
CMakeFiles/cmTC_e21ff.dir/build.make:97: recipe for target 'cmTC_e21ff' failed
make[1]: *** [cmTC_e21ff] Error 1
make[1]: Leaving directory '/home/morgan/projects/cws_ws/build/panda_hardware_interface/CMakeFiles/CMakeTmp'
Makefile:126: recipe for target 'cmTC_e21ff/fast' failed
make: *** [cmTC_e21ff/fast] Error 2

File /home/morgan/projects/cws_ws/build/panda_hardware_interface/CMakeFiles/CMakeTmp/CheckSymbolExists.c:
/* */
#include <pthread.h>

int main(int argc, char** argv)
{
  (void)argv;
#ifndef pthread_create
  return ((int*)(&pthread_create))[argc];
#else
  (void)argc;
  return 0;
#endif
}

Determining if the function pthread_create exists in the pthreads failed with the following output:
Change Dir: /home/morgan/projects/cws_ws/build/panda_hardware_interface/CMakeFiles/CMakeTmp

Run Build Command:"/usr/bin/make" "cmTC_ed231/fast"
/usr/bin/make -f CMakeFiles/cmTC_ed231.dir/build.make CMakeFiles/cmTC_ed231.dir/build
make[1]: Entering directory '/home/morgan/projects/cws_ws/build/panda_hardware_interface/CMakeFiles/CMakeTmp'
Building C object CMakeFiles/cmTC_ed231.dir/CheckFunctionExists.c.o
/usr/bin/cc   -DCHECK_FUNCTION_EXISTS=pthread_create   -o CMakeFiles/cmTC_ed231.dir/CheckFunctionExists.c.o   -c /usr/share/cmake-3.10/Modules/CheckFunctionExists.c
Linking C executable cmTC_ed231
/usr/bin/cmake -E cmake_link_script CMakeFiles/cmTC_ed231.dir/link.txt --verbose=1
/usr/bin/cc  -DCHECK_FUNCTION_EXISTS=pthread_create    -rdynamic CMakeFiles/cmTC_ed231.dir/CheckFunctionExists.c.o  -o cmTC_ed231 -lpthreads 
/usr/bin/ld: cannot find -lpthreads
collect2: error: ld returned 1 exit status
CMakeFiles/cmTC_ed231.dir/build.make:97: recipe for target 'cmTC_ed231' failed
make[1]: *** [cmTC_ed231] Error 1
make[1]: Leaving directory '/home/morgan/projects/cws_ws/build/panda_hardware_interface/CMakeFiles/CMakeTmp'
Makefile:126: recipe for target 'cmTC_ed231/fast' failed
make: *** [cmTC_ed231/fast] Error 2


