Determining if the pthread_create exist failed with the following output:
Change Dir: /home/morgan/projects/ros_cws_planner/build/orocos_kinematics_dynamics/CMakeFiles/CMakeTmp

Run Build Command:"/usr/bin/make" "cmTC_b2bbf/fast"
/usr/bin/make -f CMakeFiles/cmTC_b2bbf.dir/build.make CMakeFiles/cmTC_b2bbf.dir/build
make[1]: Entering directory '/home/morgan/projects/ros_cws_planner/build/orocos_kinematics_dynamics/CMakeFiles/CMakeTmp'
Building C object CMakeFiles/cmTC_b2bbf.dir/CheckSymbolExists.c.o
/usr/bin/cc    -o CMakeFiles/cmTC_b2bbf.dir/CheckSymbolExists.c.o   -c /home/morgan/projects/ros_cws_planner/build/orocos_kinematics_dynamics/CMakeFiles/CMakeTmp/CheckSymbolExists.c
Linking C executable cmTC_b2bbf
/usr/bin/cmake -E cmake_link_script CMakeFiles/cmTC_b2bbf.dir/link.txt --verbose=1
/usr/bin/cc      -rdynamic CMakeFiles/cmTC_b2bbf.dir/CheckSymbolExists.c.o  -o cmTC_b2bbf 
CMakeFiles/cmTC_b2bbf.dir/CheckSymbolExists.c.o: In function `main':
CheckSymbolExists.c:(.text+0x1b): undefined reference to `pthread_create'
collect2: error: ld returned 1 exit status
CMakeFiles/cmTC_b2bbf.dir/build.make:97: recipe for target 'cmTC_b2bbf' failed
make[1]: *** [cmTC_b2bbf] Error 1
make[1]: Leaving directory '/home/morgan/projects/ros_cws_planner/build/orocos_kinematics_dynamics/CMakeFiles/CMakeTmp'
Makefile:126: recipe for target 'cmTC_b2bbf/fast' failed
make: *** [cmTC_b2bbf/fast] Error 2

File /home/morgan/projects/ros_cws_planner/build/orocos_kinematics_dynamics/CMakeFiles/CMakeTmp/CheckSymbolExists.c:
/* */
#include <pthread.h>

int main(int argc, char** argv)
{
  (void)argv;
#ifndef pthread_create
  return ((int*)(&pthread_create))[argc];
#else
  (void)argc;
  return 0;
#endif
}

Determining if the function pthread_create exists in the pthreads failed with the following output:
Change Dir: /home/morgan/projects/ros_cws_planner/build/orocos_kinematics_dynamics/CMakeFiles/CMakeTmp

Run Build Command:"/usr/bin/make" "cmTC_ac5e4/fast"
/usr/bin/make -f CMakeFiles/cmTC_ac5e4.dir/build.make CMakeFiles/cmTC_ac5e4.dir/build
make[1]: Entering directory '/home/morgan/projects/ros_cws_planner/build/orocos_kinematics_dynamics/CMakeFiles/CMakeTmp'
Building C object CMakeFiles/cmTC_ac5e4.dir/CheckFunctionExists.c.o
/usr/bin/cc   -DCHECK_FUNCTION_EXISTS=pthread_create   -o CMakeFiles/cmTC_ac5e4.dir/CheckFunctionExists.c.o   -c /usr/share/cmake-3.10/Modules/CheckFunctionExists.c
Linking C executable cmTC_ac5e4
/usr/bin/cmake -E cmake_link_script CMakeFiles/cmTC_ac5e4.dir/link.txt --verbose=1
/usr/bin/cc  -DCHECK_FUNCTION_EXISTS=pthread_create    -rdynamic CMakeFiles/cmTC_ac5e4.dir/CheckFunctionExists.c.o  -o cmTC_ac5e4 -lpthreads 
/usr/bin/ld: cannot find -lpthreads
collect2: error: ld returned 1 exit status
CMakeFiles/cmTC_ac5e4.dir/build.make:97: recipe for target 'cmTC_ac5e4' failed
make[1]: *** [cmTC_ac5e4] Error 1
make[1]: Leaving directory '/home/morgan/projects/ros_cws_planner/build/orocos_kinematics_dynamics/CMakeFiles/CMakeTmp'
Makefile:126: recipe for target 'cmTC_ac5e4/fast' failed
make: *** [cmTC_ac5e4/fast] Error 2


