Determining if the pthread_create exist failed with the following output:
Change Dir: /home/morgan/projects/cws_ws/build_isolated/franka_example_controllers/CMakeFiles/CMakeTmp

Run Build Command:"/usr/bin/make" "cmTC_9015b/fast"
/usr/bin/make -f CMakeFiles/cmTC_9015b.dir/build.make CMakeFiles/cmTC_9015b.dir/build
make[1]: Entering directory '/home/morgan/projects/cws_ws/build_isolated/franka_example_controllers/CMakeFiles/CMakeTmp'
Building C object CMakeFiles/cmTC_9015b.dir/CheckSymbolExists.c.o
/usr/bin/cc    -o CMakeFiles/cmTC_9015b.dir/CheckSymbolExists.c.o   -c /home/morgan/projects/cws_ws/build_isolated/franka_example_controllers/CMakeFiles/CMakeTmp/CheckSymbolExists.c
Linking C executable cmTC_9015b
/usr/bin/cmake -E cmake_link_script CMakeFiles/cmTC_9015b.dir/link.txt --verbose=1
/usr/bin/cc      -rdynamic CMakeFiles/cmTC_9015b.dir/CheckSymbolExists.c.o  -o cmTC_9015b 
CMakeFiles/cmTC_9015b.dir/CheckSymbolExists.c.o: In function `main':
CheckSymbolExists.c:(.text+0x1b): undefined reference to `pthread_create'
collect2: error: ld returned 1 exit status
CMakeFiles/cmTC_9015b.dir/build.make:97: recipe for target 'cmTC_9015b' failed
make[1]: *** [cmTC_9015b] Error 1
make[1]: Leaving directory '/home/morgan/projects/cws_ws/build_isolated/franka_example_controllers/CMakeFiles/CMakeTmp'
Makefile:126: recipe for target 'cmTC_9015b/fast' failed
make: *** [cmTC_9015b/fast] Error 2

File /home/morgan/projects/cws_ws/build_isolated/franka_example_controllers/CMakeFiles/CMakeTmp/CheckSymbolExists.c:
/* */
#include <pthread.h>

int main(int argc, char** argv)
{
  (void)argv;
#ifndef pthread_create
  return ((int*)(&pthread_create))[argc];
#else
  (void)argc;
  return 0;
#endif
}

Determining if the function pthread_create exists in the pthreads failed with the following output:
Change Dir: /home/morgan/projects/cws_ws/build_isolated/franka_example_controllers/CMakeFiles/CMakeTmp

Run Build Command:"/usr/bin/make" "cmTC_1b2c6/fast"
/usr/bin/make -f CMakeFiles/cmTC_1b2c6.dir/build.make CMakeFiles/cmTC_1b2c6.dir/build
make[1]: Entering directory '/home/morgan/projects/cws_ws/build_isolated/franka_example_controllers/CMakeFiles/CMakeTmp'
Building C object CMakeFiles/cmTC_1b2c6.dir/CheckFunctionExists.c.o
/usr/bin/cc   -DCHECK_FUNCTION_EXISTS=pthread_create   -o CMakeFiles/cmTC_1b2c6.dir/CheckFunctionExists.c.o   -c /usr/share/cmake-3.10/Modules/CheckFunctionExists.c
Linking C executable cmTC_1b2c6
/usr/bin/cmake -E cmake_link_script CMakeFiles/cmTC_1b2c6.dir/link.txt --verbose=1
/usr/bin/cc  -DCHECK_FUNCTION_EXISTS=pthread_create    -rdynamic CMakeFiles/cmTC_1b2c6.dir/CheckFunctionExists.c.o  -o cmTC_1b2c6 -lpthreads 
/usr/bin/ld: cannot find -lpthreads
collect2: error: ld returned 1 exit status
CMakeFiles/cmTC_1b2c6.dir/build.make:97: recipe for target 'cmTC_1b2c6' failed
make[1]: *** [cmTC_1b2c6] Error 1
make[1]: Leaving directory '/home/morgan/projects/cws_ws/build_isolated/franka_example_controllers/CMakeFiles/CMakeTmp'
Makefile:126: recipe for target 'cmTC_1b2c6/fast' failed
make: *** [cmTC_1b2c6/fast] Error 2


