Determining if the pthread_create exist failed with the following output:
Change Dir: /home/hrigroup2/projects/ros_cws_planner/build/franka_tools/CMakeFiles/CMakeTmp

Run Build Command:"/usr/bin/make" "cmTC_5c0dd/fast"
/usr/bin/make -f CMakeFiles/cmTC_5c0dd.dir/build.make CMakeFiles/cmTC_5c0dd.dir/build
make[1]: Entering directory '/home/hrigroup2/projects/ros_cws_planner/build/franka_tools/CMakeFiles/CMakeTmp'
Building C object CMakeFiles/cmTC_5c0dd.dir/CheckSymbolExists.c.o
/usr/bin/cc    -o CMakeFiles/cmTC_5c0dd.dir/CheckSymbolExists.c.o   -c /home/hrigroup2/projects/ros_cws_planner/build/franka_tools/CMakeFiles/CMakeTmp/CheckSymbolExists.c
Linking C executable cmTC_5c0dd
/usr/bin/cmake -E cmake_link_script CMakeFiles/cmTC_5c0dd.dir/link.txt --verbose=1
/usr/bin/cc      -rdynamic CMakeFiles/cmTC_5c0dd.dir/CheckSymbolExists.c.o  -o cmTC_5c0dd 
CMakeFiles/cmTC_5c0dd.dir/CheckSymbolExists.c.o: In function `main':
CheckSymbolExists.c:(.text+0x1b): undefined reference to `pthread_create'
collect2: error: ld returned 1 exit status
CMakeFiles/cmTC_5c0dd.dir/build.make:97: recipe for target 'cmTC_5c0dd' failed
make[1]: *** [cmTC_5c0dd] Error 1
make[1]: Leaving directory '/home/hrigroup2/projects/ros_cws_planner/build/franka_tools/CMakeFiles/CMakeTmp'
Makefile:126: recipe for target 'cmTC_5c0dd/fast' failed
make: *** [cmTC_5c0dd/fast] Error 2

File /home/hrigroup2/projects/ros_cws_planner/build/franka_tools/CMakeFiles/CMakeTmp/CheckSymbolExists.c:
/* */
#include <pthread.h>

int main(int argc, char** argv)
{
  (void)argv;
#ifndef pthread_create
  return ((int*)(&pthread_create))[argc];
#else
  (void)argc;
  return 0;
#endif
}

Determining if the function pthread_create exists in the pthreads failed with the following output:
Change Dir: /home/hrigroup2/projects/ros_cws_planner/build/franka_tools/CMakeFiles/CMakeTmp

Run Build Command:"/usr/bin/make" "cmTC_a7dfc/fast"
/usr/bin/make -f CMakeFiles/cmTC_a7dfc.dir/build.make CMakeFiles/cmTC_a7dfc.dir/build
make[1]: Entering directory '/home/hrigroup2/projects/ros_cws_planner/build/franka_tools/CMakeFiles/CMakeTmp'
Building C object CMakeFiles/cmTC_a7dfc.dir/CheckFunctionExists.c.o
/usr/bin/cc   -DCHECK_FUNCTION_EXISTS=pthread_create   -o CMakeFiles/cmTC_a7dfc.dir/CheckFunctionExists.c.o   -c /usr/share/cmake-3.10/Modules/CheckFunctionExists.c
Linking C executable cmTC_a7dfc
/usr/bin/cmake -E cmake_link_script CMakeFiles/cmTC_a7dfc.dir/link.txt --verbose=1
/usr/bin/cc  -DCHECK_FUNCTION_EXISTS=pthread_create    -rdynamic CMakeFiles/cmTC_a7dfc.dir/CheckFunctionExists.c.o  -o cmTC_a7dfc -lpthreads 
/usr/bin/ld: cannot find -lpthreads
collect2: error: ld returned 1 exit status
CMakeFiles/cmTC_a7dfc.dir/build.make:97: recipe for target 'cmTC_a7dfc' failed
make[1]: *** [cmTC_a7dfc] Error 1
make[1]: Leaving directory '/home/hrigroup2/projects/ros_cws_planner/build/franka_tools/CMakeFiles/CMakeTmp'
Makefile:126: recipe for target 'cmTC_a7dfc/fast' failed
make: *** [cmTC_a7dfc/fast] Error 2


