Symlinking /home/hrigroup2/projects/ros_cws_planner/devel/share/roseus/ros/franka_example_controllers/manifest.l
Symlinking /home/hrigroup2/projects/ros_cws_planner/devel/share/roseus/ros/franka_example_controllers/msg/JointTorqueComparison.l
Symlinking /home/hrigroup2/projects/ros_cws_planner/devel/share/franka_example_controllers/docs/compliance_paramConfig.wikidoc
Symlinking /home/hrigroup2/projects/ros_cws_planner/devel/share/franka_example_controllers/docs/desired_mass_paramConfig.dox
Symlinking /home/hrigroup2/projects/ros_cws_planner/devel/share/franka_example_controllers/docs/dual_arm_compliance_paramConfig.dox
Symlinking /home/hrigroup2/projects/ros_cws_planner/devel/share/franka_example_controllers/docs/dual_arm_compliance_paramConfig.wikidoc
Symlinking /home/hrigroup2/projects/ros_cws_planner/devel/share/franka_example_controllers/docs/desired_mass_paramConfig-usage.dox
Symlinking /home/hrigroup2/projects/ros_cws_planner/devel/share/franka_example_controllers/docs/dual_arm_compliance_paramConfig-usage.dox
Symlinking /home/hrigroup2/projects/ros_cws_planner/devel/share/franka_example_controllers/docs/compliance_paramConfig.dox
Symlinking /home/hrigroup2/projects/ros_cws_planner/devel/share/franka_example_controllers/docs/desired_mass_paramConfig.wikidoc
Symlinking /home/hrigroup2/projects/ros_cws_planner/devel/share/franka_example_controllers/docs/compliance_paramConfig-usage.dox
Symlinking /home/hrigroup2/projects/ros_cws_planner/devel/share/franka_example_controllers/cmake/franka_example_controllersConfig.cmake
Symlinking /home/hrigroup2/projects/ros_cws_planner/devel/share/franka_example_controllers/cmake/franka_example_controllers-msg-paths.cmake
Symlinking /home/hrigroup2/projects/ros_cws_planner/devel/share/franka_example_controllers/cmake/franka_example_controllers-msg-extras.cmake
Symlinking /home/hrigroup2/projects/ros_cws_planner/devel/share/franka_example_controllers/cmake/franka_example_controllersConfig-version.cmake
Symlinking /home/hrigroup2/projects/ros_cws_planner/devel/share/common-lisp/ros/franka_example_controllers/msg/JointTorqueComparison.lisp
Symlinking /home/hrigroup2/projects/ros_cws_planner/devel/share/common-lisp/ros/franka_example_controllers/msg/_package.lisp
Symlinking /home/hrigroup2/projects/ros_cws_planner/devel/share/common-lisp/ros/franka_example_controllers/msg/_package_JointTorqueComparison.lisp
Symlinking /home/hrigroup2/projects/ros_cws_planner/devel/share/common-lisp/ros/franka_example_controllers/msg/franka_example_controllers-msg.asd
Symlinking /home/hrigroup2/projects/ros_cws_planner/devel/share/gennodejs/ros/franka_example_controllers/_index.js
Symlinking /home/hrigroup2/projects/ros_cws_planner/devel/share/gennodejs/ros/franka_example_controllers/msg/JointTorqueComparison.js
Symlinking /home/hrigroup2/projects/ros_cws_planner/devel/share/gennodejs/ros/franka_example_controllers/msg/_index.js
Symlinking /home/hrigroup2/projects/ros_cws_planner/devel/lib/libfranka_example_controllers.so
Symlinking /home/hrigroup2/projects/ros_cws_planner/devel/lib/python2.7/dist-packages/franka_example_controllers/__init__.py
Symlinking /home/hrigroup2/projects/ros_cws_planner/devel/lib/python2.7/dist-packages/franka_example_controllers/msg/_JointTorqueComparison.py
Symlinking /home/hrigroup2/projects/ros_cws_planner/devel/lib/python2.7/dist-packages/franka_example_controllers/msg/__init__.py
Symlinking /home/hrigroup2/projects/ros_cws_planner/devel/lib/python2.7/dist-packages/franka_example_controllers/cfg/compliance_paramConfig.py
Symlinking /home/hrigroup2/projects/ros_cws_planner/devel/lib/python2.7/dist-packages/franka_example_controllers/cfg/desired_mass_paramConfig.py
Symlinking /home/hrigroup2/projects/ros_cws_planner/devel/lib/python2.7/dist-packages/franka_example_controllers/cfg/__init__.py
Symlinking /home/hrigroup2/projects/ros_cws_planner/devel/lib/python2.7/dist-packages/franka_example_controllers/cfg/dual_arm_compliance_paramConfig.py
Symlinking /home/hrigroup2/projects/ros_cws_planner/devel/lib/pkgconfig/franka_example_controllers.pc
Symlinking /home/hrigroup2/projects/ros_cws_planner/devel/include/franka_example_controllers/compliance_paramConfig.h
Symlinking /home/hrigroup2/projects/ros_cws_planner/devel/include/franka_example_controllers/JointTorqueComparison.h
Symlinking /home/hrigroup2/projects/ros_cws_planner/devel/include/franka_example_controllers/desired_mass_paramConfig.h
Symlinking /home/hrigroup2/projects/ros_cws_planner/devel/include/franka_example_controllers/dual_arm_compliance_paramConfig.h
