[  0%] Built target control_msgs_generate_messages_eus
[  0%] Built target franka_msgs_generate_messages_eus
[  0%] Built target actionlib_msgs_generate_messages_eus
[  0%] Built target std_msgs_generate_messages_eus
[  0%] Built target sensor_msgs_generate_messages_eus
[  0%] Built target geometry_msgs_generate_messages_eus
[  0%] Built target sensor_msgs_generate_messages_nodejs
[  0%] Built target std_msgs_generate_messages_nodejs
[  0%] Built target actionlib_msgs_generate_messages_nodejs
[  0%] Built target franka_msgs_generate_messages_nodejs
[  0%] Built target _franka_core_msgs_generate_messages_check_deps_JointLimits
[  0%] Built target _franka_core_msgs_generate_messages_check_deps_EndPointState
[  0%] Built target _franka_core_msgs_generate_messages_check_deps_JointCommand
[  0%] Built target _franka_core_msgs_generate_messages_check_deps_RobotState
[  0%] Built target _franka_core_msgs_generate_messages_check_deps_JointControllerStates
[  0%] Built target sensor_msgs_generate_messages_cpp
[  0%] Built target control_msgs_generate_messages_nodejs
[  0%] Built target geometry_msgs_generate_messages_nodejs
[  0%] Built target control_msgs_generate_messages_cpp
[  0%] Built target actionlib_msgs_generate_messages_cpp
[  0%] Built target control_msgs_generate_messages_lisp
[  0%] Built target std_msgs_generate_messages_cpp
[  0%] Built target geometry_msgs_generate_messages_cpp
[  0%] Built target franka_msgs_generate_messages_cpp
[  0%] Built target actionlib_msgs_generate_messages_lisp
[  0%] Built target std_msgs_generate_messages_lisp
[  0%] Built target franka_msgs_generate_messages_lisp
[  0%] Built target geometry_msgs_generate_messages_lisp
[  0%] Built target sensor_msgs_generate_messages_lisp
[  0%] Built target std_msgs_generate_messages_py
[  0%] Built target control_msgs_generate_messages_py
[  0%] Built target actionlib_msgs_generate_messages_py
[  0%] Built target sensor_msgs_generate_messages_py
[  0%] Built target franka_msgs_generate_messages_py
[  7%] [34m[1mGenerating Javascript code from franka_core_msgs/RobotState.msg[0m
[  7%] Built target geometry_msgs_generate_messages_py
[  7%] [34m[1mGenerating EusLisp code from franka_core_msgs/RobotState.msg[0m
[ 11%] [34m[1mGenerating C++ code from franka_core_msgs/RobotState.msg[0m
[ 14%] [34m[1mGenerating Lisp code from franka_core_msgs/RobotState.msg[0m
[ 18%] [34m[1mGenerating Python from MSG franka_core_msgs/RobotState[0m
[ 33%] Built target franka_core_msgs_generate_messages_nodejs
[ 51%] Built target franka_core_msgs_generate_messages_eus
[ 66%] Built target franka_core_msgs_generate_messages_lisp
[ 81%] Built target franka_core_msgs_generate_messages_cpp
[ 85%] [34m[1mGenerating Python msg __init__.py for franka_core_msgs[0m
[100%] Built target franka_core_msgs_generate_messages_py
[100%] Built target franka_core_msgs_generate_messages
