Determining if the pthread_create exist failed with the following output:
Change Dir: /home/morgan/projects/cws_ws/build_isolated/franka_interface/CMakeFiles/CMakeTmp

Run Build Command:"/usr/bin/make" "cmTC_ab2c5/fast"
/usr/bin/make -f CMakeFiles/cmTC_ab2c5.dir/build.make CMakeFiles/cmTC_ab2c5.dir/build
make[1]: Entering directory '/home/morgan/projects/cws_ws/build_isolated/franka_interface/CMakeFiles/CMakeTmp'
Building C object CMakeFiles/cmTC_ab2c5.dir/CheckSymbolExists.c.o
/usr/bin/cc    -o CMakeFiles/cmTC_ab2c5.dir/CheckSymbolExists.c.o   -c /home/morgan/projects/cws_ws/build_isolated/franka_interface/CMakeFiles/CMakeTmp/CheckSymbolExists.c
Linking C executable cmTC_ab2c5
/usr/bin/cmake -E cmake_link_script CMakeFiles/cmTC_ab2c5.dir/link.txt --verbose=1
/usr/bin/cc      -rdynamic CMakeFiles/cmTC_ab2c5.dir/CheckSymbolExists.c.o  -o cmTC_ab2c5 
CMakeFiles/cmTC_ab2c5.dir/CheckSymbolExists.c.o: In function `main':
CheckSymbolExists.c:(.text+0x1b): undefined reference to `pthread_create'
collect2: error: ld returned 1 exit status
CMakeFiles/cmTC_ab2c5.dir/build.make:97: recipe for target 'cmTC_ab2c5' failed
make[1]: *** [cmTC_ab2c5] Error 1
make[1]: Leaving directory '/home/morgan/projects/cws_ws/build_isolated/franka_interface/CMakeFiles/CMakeTmp'
Makefile:126: recipe for target 'cmTC_ab2c5/fast' failed
make: *** [cmTC_ab2c5/fast] Error 2

File /home/morgan/projects/cws_ws/build_isolated/franka_interface/CMakeFiles/CMakeTmp/CheckSymbolExists.c:
/* */
#include <pthread.h>

int main(int argc, char** argv)
{
  (void)argv;
#ifndef pthread_create
  return ((int*)(&pthread_create))[argc];
#else
  (void)argc;
  return 0;
#endif
}

Determining if the function pthread_create exists in the pthreads failed with the following output:
Change Dir: /home/morgan/projects/cws_ws/build_isolated/franka_interface/CMakeFiles/CMakeTmp

Run Build Command:"/usr/bin/make" "cmTC_0a74e/fast"
/usr/bin/make -f CMakeFiles/cmTC_0a74e.dir/build.make CMakeFiles/cmTC_0a74e.dir/build
make[1]: Entering directory '/home/morgan/projects/cws_ws/build_isolated/franka_interface/CMakeFiles/CMakeTmp'
Building C object CMakeFiles/cmTC_0a74e.dir/CheckFunctionExists.c.o
/usr/bin/cc   -DCHECK_FUNCTION_EXISTS=pthread_create   -o CMakeFiles/cmTC_0a74e.dir/CheckFunctionExists.c.o   -c /usr/share/cmake-3.10/Modules/CheckFunctionExists.c
Linking C executable cmTC_0a74e
/usr/bin/cmake -E cmake_link_script CMakeFiles/cmTC_0a74e.dir/link.txt --verbose=1
/usr/bin/cc  -DCHECK_FUNCTION_EXISTS=pthread_create    -rdynamic CMakeFiles/cmTC_0a74e.dir/CheckFunctionExists.c.o  -o cmTC_0a74e -lpthreads 
/usr/bin/ld: cannot find -lpthreads
collect2: error: ld returned 1 exit status
CMakeFiles/cmTC_0a74e.dir/build.make:97: recipe for target 'cmTC_0a74e' failed
make[1]: *** [cmTC_0a74e] Error 1
make[1]: Leaving directory '/home/morgan/projects/cws_ws/build_isolated/franka_interface/CMakeFiles/CMakeTmp'
Makefile:126: recipe for target 'cmTC_0a74e/fast' failed
make: *** [cmTC_0a74e/fast] Error 2


