Symlinking /home/hrigroup2/projects/ros_cws_planner/devel/share/roseus/ros/cws_planning/manifest.l
Symlinking /home/hrigroup2/projects/ros_cws_planner/devel/share/roseus/ros/cws_planning/msg/cws_planning.l
Symlinking /home/hrigroup2/projects/ros_cws_planner/devel/share/roseus/ros/cws_planning/msg/TrafficLight.l
Symlinking /home/hrigroup2/projects/ros_cws_planner/devel/share/roseus/ros/cws_planning/srv/MoveToPosition.l
Symlinking /home/hrigroup2/projects/ros_cws_planner/devel/share/roseus/ros/cws_planning/srv/ResetRobot.l
Symlinking /home/hrigroup2/projects/ros_cws_planner/devel/share/roseus/ros/cws_planning/srv/MoveBlock.l
Symlinking /home/hrigroup2/projects/ros_cws_planner/devel/share/common-lisp/ros/cws_planning/msg/cws_planning-msg.asd
Symlinking /home/hrigroup2/projects/ros_cws_planner/devel/share/common-lisp/ros/cws_planning/msg/cws_planning.lisp
Symlinking /home/hrigroup2/projects/ros_cws_planner/devel/share/common-lisp/ros/cws_planning/msg/_package.lisp
Symlinking /home/hrigroup2/projects/ros_cws_planner/devel/share/common-lisp/ros/cws_planning/msg/_package_TrafficLight.lisp
Symlinking /home/hrigroup2/projects/ros_cws_planner/devel/share/common-lisp/ros/cws_planning/msg/_package_cws_planning.lisp
Symlinking /home/hrigroup2/projects/ros_cws_planner/devel/share/common-lisp/ros/cws_planning/msg/TrafficLight.lisp
Symlinking /home/hrigroup2/projects/ros_cws_planner/devel/share/common-lisp/ros/cws_planning/srv/_package_MoveToPosition.lisp
Symlinking /home/hrigroup2/projects/ros_cws_planner/devel/share/common-lisp/ros/cws_planning/srv/MoveBlock.lisp
Symlinking /home/hrigroup2/projects/ros_cws_planner/devel/share/common-lisp/ros/cws_planning/srv/_package_MoveBlock.lisp
Symlinking /home/hrigroup2/projects/ros_cws_planner/devel/share/common-lisp/ros/cws_planning/srv/_package.lisp
Symlinking /home/hrigroup2/projects/ros_cws_planner/devel/share/common-lisp/ros/cws_planning/srv/ResetRobot.lisp
Symlinking /home/hrigroup2/projects/ros_cws_planner/devel/share/common-lisp/ros/cws_planning/srv/_package_ResetRobot.lisp
Symlinking /home/hrigroup2/projects/ros_cws_planner/devel/share/common-lisp/ros/cws_planning/srv/MoveToPosition.lisp
Symlinking /home/hrigroup2/projects/ros_cws_planner/devel/share/common-lisp/ros/cws_planning/srv/cws_planning-srv.asd
Symlinking /home/hrigroup2/projects/ros_cws_planner/devel/share/gennodejs/ros/cws_planning/_index.js
Symlinking /home/hrigroup2/projects/ros_cws_planner/devel/share/gennodejs/ros/cws_planning/msg/cws_planning.js
Symlinking /home/hrigroup2/projects/ros_cws_planner/devel/share/gennodejs/ros/cws_planning/msg/TrafficLight.js
Symlinking /home/hrigroup2/projects/ros_cws_planner/devel/share/gennodejs/ros/cws_planning/msg/_index.js
Symlinking /home/hrigroup2/projects/ros_cws_planner/devel/share/gennodejs/ros/cws_planning/srv/ResetRobot.js
Symlinking /home/hrigroup2/projects/ros_cws_planner/devel/share/gennodejs/ros/cws_planning/srv/MoveBlock.js
Symlinking /home/hrigroup2/projects/ros_cws_planner/devel/share/gennodejs/ros/cws_planning/srv/MoveToPosition.js
Symlinking /home/hrigroup2/projects/ros_cws_planner/devel/share/gennodejs/ros/cws_planning/srv/_index.js
Symlinking /home/hrigroup2/projects/ros_cws_planner/devel/share/cws_planning/cmake/cws_planning-msg-paths.cmake
Symlinking /home/hrigroup2/projects/ros_cws_planner/devel/share/cws_planning/cmake/cws_planningConfig-version.cmake
Symlinking /home/hrigroup2/projects/ros_cws_planner/devel/share/cws_planning/cmake/cws_planning-msg-extras.cmake
Symlinking /home/hrigroup2/projects/ros_cws_planner/devel/share/cws_planning/cmake/cws_planningConfig.cmake
Symlinking /home/hrigroup2/projects/ros_cws_planner/devel/lib/python2.7/dist-packages/cws_planning/__init__.py
Symlinking /home/hrigroup2/projects/ros_cws_planner/devel/lib/python2.7/dist-packages/cws_planning/msg/_cws_planning.py
Symlinking /home/hrigroup2/projects/ros_cws_planner/devel/lib/python2.7/dist-packages/cws_planning/msg/_TrafficLight.py
Symlinking /home/hrigroup2/projects/ros_cws_planner/devel/lib/python2.7/dist-packages/cws_planning/msg/__init__.py
Symlinking /home/hrigroup2/projects/ros_cws_planner/devel/lib/python2.7/dist-packages/cws_planning/srv/_ResetRobot.py
Symlinking /home/hrigroup2/projects/ros_cws_planner/devel/lib/python2.7/dist-packages/cws_planning/srv/_MoveBlock.py
Symlinking /home/hrigroup2/projects/ros_cws_planner/devel/lib/python2.7/dist-packages/cws_planning/srv/_MoveToPosition.py
Symlinking /home/hrigroup2/projects/ros_cws_planner/devel/lib/python2.7/dist-packages/cws_planning/srv/__init__.py
Symlinking /home/hrigroup2/projects/ros_cws_planner/devel/lib/pkgconfig/cws_planning.pc
Symlinking /home/hrigroup2/projects/ros_cws_planner/devel/include/cws_planning/MoveBlockRequest.h
Symlinking /home/hrigroup2/projects/ros_cws_planner/devel/include/cws_planning/ResetRobotResponse.h
Symlinking /home/hrigroup2/projects/ros_cws_planner/devel/include/cws_planning/TrafficLight.h
Symlinking /home/hrigroup2/projects/ros_cws_planner/devel/include/cws_planning/MoveToPositionResponse.h
Symlinking /home/hrigroup2/projects/ros_cws_planner/devel/include/cws_planning/MoveToPositionRequest.h
Symlinking /home/hrigroup2/projects/ros_cws_planner/devel/include/cws_planning/MoveToPosition.h
Symlinking /home/hrigroup2/projects/ros_cws_planner/devel/include/cws_planning/ResetRobotRequest.h
Symlinking /home/hrigroup2/projects/ros_cws_planner/devel/include/cws_planning/ResetRobot.h
Symlinking /home/hrigroup2/projects/ros_cws_planner/devel/include/cws_planning/MoveBlock.h
Symlinking /home/hrigroup2/projects/ros_cws_planner/devel/include/cws_planning/cws_planning.h
Symlinking /home/hrigroup2/projects/ros_cws_planner/devel/include/cws_planning/MoveBlockResponse.h
