[35m[1mScanning dependencies of target std_msgs_generate_messages_lisp[0m
[35m[1mScanning dependencies of target std_msgs_generate_messages_py[0m
[35m[1mScanning dependencies of target std_msgs_generate_messages_cpp[0m
[35m[1mScanning dependencies of target _cws_planning_generate_messages_check_deps_TrafficLight[0m
[35m[1mScanning dependencies of target std_msgs_generate_messages_nodejs[0m
[35m[1mScanning dependencies of target std_msgs_generate_messages_eus[0m
[35m[1mScanning dependencies of target _cws_planning_generate_messages_check_deps_ResetRobot[0m
[  0%] Built target std_msgs_generate_messages_lisp
[  0%] Built target std_msgs_generate_messages_nodejs
[  0%] Built target std_msgs_generate_messages_eus
[  0%] Built target std_msgs_generate_messages_cpp
[  0%] Built target std_msgs_generate_messages_py
[  0%] Built target _cws_planning_generate_messages_check_deps_MoveBlock
[  0%] Built target _cws_planning_generate_messages_check_deps_TrafficLight
[  0%] Built target _cws_planning_generate_messages_check_deps_ResetRobot
[35m[1mScanning dependencies of target cws_planning_generate_messages_cpp[0m
[35m[1mScanning dependencies of target cws_planning_generate_messages_lisp[0m
[35m[1mScanning dependencies of target cws_planning_generate_messages_nodejs[0m
[35m[1mScanning dependencies of target cws_planning_generate_messages_py[0m
[35m[1mScanning dependencies of target cws_planning_generate_messages_eus[0m
[  5%] [34m[1mGenerating Lisp code from cws_planning/MoveBlock.srv[0m
[ 11%] [34m[1mGenerating Javascript code from cws_planning/MoveBlock.srv[0m
[ 16%] [34m[1mGenerating Lisp code from cws_planning/ResetRobot.srv[0m
[ 22%] [34m[1mGenerating Python code from SRV cws_planning/ResetRobot[0m
[ 27%] [34m[1mGenerating C++ code from cws_planning/ResetRobot.srv[0m
[ 33%] [34m[1mGenerating Javascript code from cws_planning/ResetRobot.srv[0m
[ 38%] [34m[1mGenerating C++ code from cws_planning/MoveBlock.srv[0m
[ 44%] [34m[1mGenerating Python code from SRV cws_planning/MoveBlock[0m
[ 50%] [34m[1mGenerating EusLisp code from cws_planning/ResetRobot.srv[0m
[ 55%] [34m[1mGenerating EusLisp code from cws_planning/MoveBlock.srv[0m
[ 61%] Built target cws_planning_generate_messages_lisp
[ 66%] Built target cws_planning_generate_messages_nodejs
[ 77%] Built target cws_planning_generate_messages_eus
[ 83%] [34m[1mGenerating Python msg __init__.py for cws_planning[0m
[ 88%] [34m[1mGenerating Python srv __init__.py for cws_planning[0m
[ 94%] Built target cws_planning_generate_messages_cpp
[100%] Built target cws_planning_generate_messages_py
[35m[1mScanning dependencies of target cws_planning_generate_messages[0m
[100%] Built target cws_planning_generate_messages
