Linked: (/home/hrigroup2/projects/ros_cws_planner/devel/.private/cws_planning/share/roseus/ros/cws_planning/manifest.l, /home/hrigroup2/projects/ros_cws_planner/devel/share/roseus/ros/cws_planning/manifest.l)
Linked: (/home/hrigroup2/projects/ros_cws_planner/devel/.private/cws_planning/share/roseus/ros/cws_planning/msg/cws_planning.l, /home/hrigroup2/projects/ros_cws_planner/devel/share/roseus/ros/cws_planning/msg/cws_planning.l)
Linked: (/home/hrigroup2/projects/ros_cws_planner/devel/.private/cws_planning/share/roseus/ros/cws_planning/msg/TrafficLight.l, /home/hrigroup2/projects/ros_cws_planner/devel/share/roseus/ros/cws_planning/msg/TrafficLight.l)
Linked: (/home/hrigroup2/projects/ros_cws_planner/devel/.private/cws_planning/share/roseus/ros/cws_planning/srv/MoveToPosition.l, /home/hrigroup2/projects/ros_cws_planner/devel/share/roseus/ros/cws_planning/srv/MoveToPosition.l)
Linked: (/home/hrigroup2/projects/ros_cws_planner/devel/.private/cws_planning/share/roseus/ros/cws_planning/srv/ResetRobot.l, /home/hrigroup2/projects/ros_cws_planner/devel/share/roseus/ros/cws_planning/srv/ResetRobot.l)
Linked: (/home/hrigroup2/projects/ros_cws_planner/devel/.private/cws_planning/share/roseus/ros/cws_planning/srv/MoveBlock.l, /home/hrigroup2/projects/ros_cws_planner/devel/share/roseus/ros/cws_planning/srv/MoveBlock.l)
Linked: (/home/hrigroup2/projects/ros_cws_planner/devel/.private/cws_planning/share/common-lisp/ros/cws_planning/msg/cws_planning-msg.asd, /home/hrigroup2/projects/ros_cws_planner/devel/share/common-lisp/ros/cws_planning/msg/cws_planning-msg.asd)
Linked: (/home/hrigroup2/projects/ros_cws_planner/devel/.private/cws_planning/share/common-lisp/ros/cws_planning/msg/cws_planning.lisp, /home/hrigroup2/projects/ros_cws_planner/devel/share/common-lisp/ros/cws_planning/msg/cws_planning.lisp)
Linked: (/home/hrigroup2/projects/ros_cws_planner/devel/.private/cws_planning/share/common-lisp/ros/cws_planning/msg/_package.lisp, /home/hrigroup2/projects/ros_cws_planner/devel/share/common-lisp/ros/cws_planning/msg/_package.lisp)
Linked: (/home/hrigroup2/projects/ros_cws_planner/devel/.private/cws_planning/share/common-lisp/ros/cws_planning/msg/_package_TrafficLight.lisp, /home/hrigroup2/projects/ros_cws_planner/devel/share/common-lisp/ros/cws_planning/msg/_package_TrafficLight.lisp)
Linked: (/home/hrigroup2/projects/ros_cws_planner/devel/.private/cws_planning/share/common-lisp/ros/cws_planning/msg/_package_cws_planning.lisp, /home/hrigroup2/projects/ros_cws_planner/devel/share/common-lisp/ros/cws_planning/msg/_package_cws_planning.lisp)
Linked: (/home/hrigroup2/projects/ros_cws_planner/devel/.private/cws_planning/share/common-lisp/ros/cws_planning/msg/TrafficLight.lisp, /home/hrigroup2/projects/ros_cws_planner/devel/share/common-lisp/ros/cws_planning/msg/TrafficLight.lisp)
Linked: (/home/hrigroup2/projects/ros_cws_planner/devel/.private/cws_planning/share/common-lisp/ros/cws_planning/srv/_package_MoveToPosition.lisp, /home/hrigroup2/projects/ros_cws_planner/devel/share/common-lisp/ros/cws_planning/srv/_package_MoveToPosition.lisp)
Linked: (/home/hrigroup2/projects/ros_cws_planner/devel/.private/cws_planning/share/common-lisp/ros/cws_planning/srv/MoveBlock.lisp, /home/hrigroup2/projects/ros_cws_planner/devel/share/common-lisp/ros/cws_planning/srv/MoveBlock.lisp)
Linked: (/home/hrigroup2/projects/ros_cws_planner/devel/.private/cws_planning/share/common-lisp/ros/cws_planning/srv/_package_MoveBlock.lisp, /home/hrigroup2/projects/ros_cws_planner/devel/share/common-lisp/ros/cws_planning/srv/_package_MoveBlock.lisp)
Linked: (/home/hrigroup2/projects/ros_cws_planner/devel/.private/cws_planning/share/common-lisp/ros/cws_planning/srv/_package.lisp, /home/hrigroup2/projects/ros_cws_planner/devel/share/common-lisp/ros/cws_planning/srv/_package.lisp)
Linked: (/home/hrigroup2/projects/ros_cws_planner/devel/.private/cws_planning/share/common-lisp/ros/cws_planning/srv/ResetRobot.lisp, /home/hrigroup2/projects/ros_cws_planner/devel/share/common-lisp/ros/cws_planning/srv/ResetRobot.lisp)
Linked: (/home/hrigroup2/projects/ros_cws_planner/devel/.private/cws_planning/share/common-lisp/ros/cws_planning/srv/_package_ResetRobot.lisp, /home/hrigroup2/projects/ros_cws_planner/devel/share/common-lisp/ros/cws_planning/srv/_package_ResetRobot.lisp)
Linked: (/home/hrigroup2/projects/ros_cws_planner/devel/.private/cws_planning/share/common-lisp/ros/cws_planning/srv/MoveToPosition.lisp, /home/hrigroup2/projects/ros_cws_planner/devel/share/common-lisp/ros/cws_planning/srv/MoveToPosition.lisp)
Linked: (/home/hrigroup2/projects/ros_cws_planner/devel/.private/cws_planning/share/common-lisp/ros/cws_planning/srv/cws_planning-srv.asd, /home/hrigroup2/projects/ros_cws_planner/devel/share/common-lisp/ros/cws_planning/srv/cws_planning-srv.asd)
Linked: (/home/hrigroup2/projects/ros_cws_planner/devel/.private/cws_planning/share/gennodejs/ros/cws_planning/_index.js, /home/hrigroup2/projects/ros_cws_planner/devel/share/gennodejs/ros/cws_planning/_index.js)
Linked: (/home/hrigroup2/projects/ros_cws_planner/devel/.private/cws_planning/share/gennodejs/ros/cws_planning/msg/cws_planning.js, /home/hrigroup2/projects/ros_cws_planner/devel/share/gennodejs/ros/cws_planning/msg/cws_planning.js)
Linked: (/home/hrigroup2/projects/ros_cws_planner/devel/.private/cws_planning/share/gennodejs/ros/cws_planning/msg/TrafficLight.js, /home/hrigroup2/projects/ros_cws_planner/devel/share/gennodejs/ros/cws_planning/msg/TrafficLight.js)
Linked: (/home/hrigroup2/projects/ros_cws_planner/devel/.private/cws_planning/share/gennodejs/ros/cws_planning/msg/_index.js, /home/hrigroup2/projects/ros_cws_planner/devel/share/gennodejs/ros/cws_planning/msg/_index.js)
Linked: (/home/hrigroup2/projects/ros_cws_planner/devel/.private/cws_planning/share/gennodejs/ros/cws_planning/srv/ResetRobot.js, /home/hrigroup2/projects/ros_cws_planner/devel/share/gennodejs/ros/cws_planning/srv/ResetRobot.js)
Linked: (/home/hrigroup2/projects/ros_cws_planner/devel/.private/cws_planning/share/gennodejs/ros/cws_planning/srv/MoveBlock.js, /home/hrigroup2/projects/ros_cws_planner/devel/share/gennodejs/ros/cws_planning/srv/MoveBlock.js)
Linked: (/home/hrigroup2/projects/ros_cws_planner/devel/.private/cws_planning/share/gennodejs/ros/cws_planning/srv/MoveToPosition.js, /home/hrigroup2/projects/ros_cws_planner/devel/share/gennodejs/ros/cws_planning/srv/MoveToPosition.js)
Linked: (/home/hrigroup2/projects/ros_cws_planner/devel/.private/cws_planning/share/gennodejs/ros/cws_planning/srv/_index.js, /home/hrigroup2/projects/ros_cws_planner/devel/share/gennodejs/ros/cws_planning/srv/_index.js)
Linked: (/home/hrigroup2/projects/ros_cws_planner/devel/.private/cws_planning/share/cws_planning/cmake/cws_planning-msg-paths.cmake, /home/hrigroup2/projects/ros_cws_planner/devel/share/cws_planning/cmake/cws_planning-msg-paths.cmake)
Linked: (/home/hrigroup2/projects/ros_cws_planner/devel/.private/cws_planning/share/cws_planning/cmake/cws_planningConfig-version.cmake, /home/hrigroup2/projects/ros_cws_planner/devel/share/cws_planning/cmake/cws_planningConfig-version.cmake)
Linked: (/home/hrigroup2/projects/ros_cws_planner/devel/.private/cws_planning/share/cws_planning/cmake/cws_planning-msg-extras.cmake, /home/hrigroup2/projects/ros_cws_planner/devel/share/cws_planning/cmake/cws_planning-msg-extras.cmake)
Linked: (/home/hrigroup2/projects/ros_cws_planner/devel/.private/cws_planning/share/cws_planning/cmake/cws_planningConfig.cmake, /home/hrigroup2/projects/ros_cws_planner/devel/share/cws_planning/cmake/cws_planningConfig.cmake)
Linked: (/home/hrigroup2/projects/ros_cws_planner/devel/.private/cws_planning/lib/python2.7/dist-packages/cws_planning/__init__.py, /home/hrigroup2/projects/ros_cws_planner/devel/lib/python2.7/dist-packages/cws_planning/__init__.py)
Linked: (/home/hrigroup2/projects/ros_cws_planner/devel/.private/cws_planning/lib/python2.7/dist-packages/cws_planning/msg/_cws_planning.py, /home/hrigroup2/projects/ros_cws_planner/devel/lib/python2.7/dist-packages/cws_planning/msg/_cws_planning.py)
Linked: (/home/hrigroup2/projects/ros_cws_planner/devel/.private/cws_planning/lib/python2.7/dist-packages/cws_planning/msg/_TrafficLight.py, /home/hrigroup2/projects/ros_cws_planner/devel/lib/python2.7/dist-packages/cws_planning/msg/_TrafficLight.py)
Linked: (/home/hrigroup2/projects/ros_cws_planner/devel/.private/cws_planning/lib/python2.7/dist-packages/cws_planning/msg/__init__.py, /home/hrigroup2/projects/ros_cws_planner/devel/lib/python2.7/dist-packages/cws_planning/msg/__init__.py)
Linked: (/home/hrigroup2/projects/ros_cws_planner/devel/.private/cws_planning/lib/python2.7/dist-packages/cws_planning/srv/_ResetRobot.py, /home/hrigroup2/projects/ros_cws_planner/devel/lib/python2.7/dist-packages/cws_planning/srv/_ResetRobot.py)
Linked: (/home/hrigroup2/projects/ros_cws_planner/devel/.private/cws_planning/lib/python2.7/dist-packages/cws_planning/srv/_MoveBlock.py, /home/hrigroup2/projects/ros_cws_planner/devel/lib/python2.7/dist-packages/cws_planning/srv/_MoveBlock.py)
Linked: (/home/hrigroup2/projects/ros_cws_planner/devel/.private/cws_planning/lib/python2.7/dist-packages/cws_planning/srv/_MoveToPosition.py, /home/hrigroup2/projects/ros_cws_planner/devel/lib/python2.7/dist-packages/cws_planning/srv/_MoveToPosition.py)
Linked: (/home/hrigroup2/projects/ros_cws_planner/devel/.private/cws_planning/lib/python2.7/dist-packages/cws_planning/srv/__init__.py, /home/hrigroup2/projects/ros_cws_planner/devel/lib/python2.7/dist-packages/cws_planning/srv/__init__.py)
Linked: (/home/hrigroup2/projects/ros_cws_planner/devel/.private/cws_planning/lib/pkgconfig/cws_planning.pc, /home/hrigroup2/projects/ros_cws_planner/devel/lib/pkgconfig/cws_planning.pc)
Linked: (/home/hrigroup2/projects/ros_cws_planner/devel/.private/cws_planning/include/cws_planning/MoveBlockRequest.h, /home/hrigroup2/projects/ros_cws_planner/devel/include/cws_planning/MoveBlockRequest.h)
Linked: (/home/hrigroup2/projects/ros_cws_planner/devel/.private/cws_planning/include/cws_planning/ResetRobotResponse.h, /home/hrigroup2/projects/ros_cws_planner/devel/include/cws_planning/ResetRobotResponse.h)
Linked: (/home/hrigroup2/projects/ros_cws_planner/devel/.private/cws_planning/include/cws_planning/TrafficLight.h, /home/hrigroup2/projects/ros_cws_planner/devel/include/cws_planning/TrafficLight.h)
Linked: (/home/hrigroup2/projects/ros_cws_planner/devel/.private/cws_planning/include/cws_planning/MoveToPositionResponse.h, /home/hrigroup2/projects/ros_cws_planner/devel/include/cws_planning/MoveToPositionResponse.h)
Linked: (/home/hrigroup2/projects/ros_cws_planner/devel/.private/cws_planning/include/cws_planning/MoveToPositionRequest.h, /home/hrigroup2/projects/ros_cws_planner/devel/include/cws_planning/MoveToPositionRequest.h)
Linked: (/home/hrigroup2/projects/ros_cws_planner/devel/.private/cws_planning/include/cws_planning/MoveToPosition.h, /home/hrigroup2/projects/ros_cws_planner/devel/include/cws_planning/MoveToPosition.h)
Linked: (/home/hrigroup2/projects/ros_cws_planner/devel/.private/cws_planning/include/cws_planning/ResetRobotRequest.h, /home/hrigroup2/projects/ros_cws_planner/devel/include/cws_planning/ResetRobotRequest.h)
Linked: (/home/hrigroup2/projects/ros_cws_planner/devel/.private/cws_planning/include/cws_planning/ResetRobot.h, /home/hrigroup2/projects/ros_cws_planner/devel/include/cws_planning/ResetRobot.h)
Linked: (/home/hrigroup2/projects/ros_cws_planner/devel/.private/cws_planning/include/cws_planning/MoveBlock.h, /home/hrigroup2/projects/ros_cws_planner/devel/include/cws_planning/MoveBlock.h)
Linked: (/home/hrigroup2/projects/ros_cws_planner/devel/.private/cws_planning/include/cws_planning/cws_planning.h, /home/hrigroup2/projects/ros_cws_planner/devel/include/cws_planning/cws_planning.h)
Linked: (/home/hrigroup2/projects/ros_cws_planner/devel/.private/cws_planning/include/cws_planning/MoveBlockResponse.h, /home/hrigroup2/projects/ros_cws_planner/devel/include/cws_planning/MoveBlockResponse.h)
