[35m[1mScanning dependencies of target _cws_planning_generate_messages_check_deps_TrafficLight[0m
[35m[1mScanning dependencies of target std_msgs_generate_messages_py[0m
[35m[1mScanning dependencies of target _cws_planning_generate_messages_check_deps_MoveBlock[0m
[35m[1mScanning dependencies of target std_msgs_generate_messages_lisp[0m
[35m[1mScanning dependencies of target std_msgs_generate_messages_eus[0m
[35m[1mScanning dependencies of target std_msgs_generate_messages_cpp[0m
[35m[1mScanning dependencies of target std_msgs_generate_messages_nodejs[0m
[  0%] Built target std_msgs_generate_messages_py
[  0%] Built target std_msgs_generate_messages_eus
[  0%] Built target std_msgs_generate_messages_nodejs
[  0%] Built target std_msgs_generate_messages_lisp
[  0%] Built target std_msgs_generate_messages_cpp
[  0%] Built target _cws_planning_generate_messages_check_deps_MoveBlock
[  0%] Built target _cws_planning_generate_messages_check_deps_TrafficLight
[35m[1mScanning dependencies of target cws_planning_generate_messages_cpp[0m
[35m[1mScanning dependencies of target cws_planning_generate_messages_py[0m
[35m[1mScanning dependencies of target cws_planning_generate_messages_nodejs[0m
[35m[1mScanning dependencies of target cws_planning_generate_messages_eus[0m
[35m[1mScanning dependencies of target cws_planning_generate_messages_lisp[0m
[  7%] [34m[1mGenerating C++ code from cws_planning/MoveBlock.srv[0m
[ 30%] [34m[1mGenerating Javascript code from cws_planning/MoveBlock.srv[0m
[ 30%] [34m[1mGenerating C++ code from cws_planning/TrafficLight.msg[0m
[ 30%] [34m[1mGenerating Python from MSG cws_planning/TrafficLight[0m
[ 38%] [34m[1mGenerating Python code from SRV cws_planning/MoveBlock[0m
[ 46%] [34m[1mGenerating Javascript code from cws_planning/TrafficLight.msg[0m
[ 61%] [34m[1mGenerating Lisp code from cws_planning/TrafficLight.msg[0m
[ 61%] [34m[1mGenerating EusLisp code from cws_planning/MoveBlock.srv[0m
[ 76%] [34m[1mGenerating Lisp code from cws_planning/MoveBlock.srv[0m
[ 76%] [34m[1mGenerating EusLisp manifest code for cws_planning[0m
[ 84%] [34m[1mGenerating EusLisp code from cws_planning/TrafficLight.msg[0m
[ 84%] Built target cws_planning_generate_messages_lisp
[ 84%] Built target cws_planning_generate_messages_nodejs
[ 92%] [34m[1mGenerating Python srv __init__.py for cws_planning[0m
[100%] [34m[1mGenerating Python msg __init__.py for cws_planning[0m
[100%] Built target cws_planning_generate_messages_py
[100%] Built target cws_planning_generate_messages_cpp
[100%] Built target cws_planning_generate_messages_eus
[35m[1mScanning dependencies of target cws_planning_generate_messages[0m
[100%] Built target cws_planning_generate_messages
