Determining if the pthread_create exist failed with the following output:
Change Dir: /home/hrigroup2/projects/ros_cws_planner/build/panda_robot/CMakeFiles/CMakeTmp

Run Build Command:"/usr/bin/make" "cmTC_e3a79/fast"
/usr/bin/make -f CMakeFiles/cmTC_e3a79.dir/build.make CMakeFiles/cmTC_e3a79.dir/build
make[1]: Entering directory '/home/hrigroup2/projects/ros_cws_planner/build/panda_robot/CMakeFiles/CMakeTmp'
Building C object CMakeFiles/cmTC_e3a79.dir/CheckSymbolExists.c.o
/usr/bin/cc    -o CMakeFiles/cmTC_e3a79.dir/CheckSymbolExists.c.o   -c /home/hrigroup2/projects/ros_cws_planner/build/panda_robot/CMakeFiles/CMakeTmp/CheckSymbolExists.c
Linking C executable cmTC_e3a79
/usr/bin/cmake -E cmake_link_script CMakeFiles/cmTC_e3a79.dir/link.txt --verbose=1
/usr/bin/cc      -rdynamic CMakeFiles/cmTC_e3a79.dir/CheckSymbolExists.c.o  -o cmTC_e3a79 
CMakeFiles/cmTC_e3a79.dir/CheckSymbolExists.c.o: In function `main':
CheckSymbolExists.c:(.text+0x1b): undefined reference to `pthread_create'
collect2: error: ld returned 1 exit status
CMakeFiles/cmTC_e3a79.dir/build.make:97: recipe for target 'cmTC_e3a79' failed
make[1]: *** [cmTC_e3a79] Error 1
make[1]: Leaving directory '/home/hrigroup2/projects/ros_cws_planner/build/panda_robot/CMakeFiles/CMakeTmp'
Makefile:126: recipe for target 'cmTC_e3a79/fast' failed
make: *** [cmTC_e3a79/fast] Error 2

File /home/hrigroup2/projects/ros_cws_planner/build/panda_robot/CMakeFiles/CMakeTmp/CheckSymbolExists.c:
/* */
#include <pthread.h>

int main(int argc, char** argv)
{
  (void)argv;
#ifndef pthread_create
  return ((int*)(&pthread_create))[argc];
#else
  (void)argc;
  return 0;
#endif
}

Determining if the function pthread_create exists in the pthreads failed with the following output:
Change Dir: /home/hrigroup2/projects/ros_cws_planner/build/panda_robot/CMakeFiles/CMakeTmp

Run Build Command:"/usr/bin/make" "cmTC_ae66c/fast"
/usr/bin/make -f CMakeFiles/cmTC_ae66c.dir/build.make CMakeFiles/cmTC_ae66c.dir/build
make[1]: Entering directory '/home/hrigroup2/projects/ros_cws_planner/build/panda_robot/CMakeFiles/CMakeTmp'
Building C object CMakeFiles/cmTC_ae66c.dir/CheckFunctionExists.c.o
/usr/bin/cc   -DCHECK_FUNCTION_EXISTS=pthread_create   -o CMakeFiles/cmTC_ae66c.dir/CheckFunctionExists.c.o   -c /usr/share/cmake-3.10/Modules/CheckFunctionExists.c
Linking C executable cmTC_ae66c
/usr/bin/cmake -E cmake_link_script CMakeFiles/cmTC_ae66c.dir/link.txt --verbose=1
/usr/bin/cc  -DCHECK_FUNCTION_EXISTS=pthread_create    -rdynamic CMakeFiles/cmTC_ae66c.dir/CheckFunctionExists.c.o  -o cmTC_ae66c -lpthreads 
/usr/bin/ld: cannot find -lpthreads
collect2: error: ld returned 1 exit status
CMakeFiles/cmTC_ae66c.dir/build.make:97: recipe for target 'cmTC_ae66c' failed
make[1]: *** [cmTC_ae66c] Error 1
make[1]: Leaving directory '/home/hrigroup2/projects/ros_cws_planner/build/panda_robot/CMakeFiles/CMakeTmp'
Makefile:126: recipe for target 'cmTC_ae66c/fast' failed
make: *** [cmTC_ae66c/fast] Error 2


