Determining if the pthread_create exist failed with the following output:
Change Dir: /home/morgan/projects/cws_ws/build_isolated/franka_tools/CMakeFiles/CMakeTmp

Run Build Command:"/usr/bin/make" "cmTC_bea17/fast"
/usr/bin/make -f CMakeFiles/cmTC_bea17.dir/build.make CMakeFiles/cmTC_bea17.dir/build
make[1]: Entering directory '/home/morgan/projects/cws_ws/build_isolated/franka_tools/CMakeFiles/CMakeTmp'
Building C object CMakeFiles/cmTC_bea17.dir/CheckSymbolExists.c.o
/usr/bin/cc    -o CMakeFiles/cmTC_bea17.dir/CheckSymbolExists.c.o   -c /home/morgan/projects/cws_ws/build_isolated/franka_tools/CMakeFiles/CMakeTmp/CheckSymbolExists.c
Linking C executable cmTC_bea17
/usr/bin/cmake -E cmake_link_script CMakeFiles/cmTC_bea17.dir/link.txt --verbose=1
/usr/bin/cc      -rdynamic CMakeFiles/cmTC_bea17.dir/CheckSymbolExists.c.o  -o cmTC_bea17 
CMakeFiles/cmTC_bea17.dir/CheckSymbolExists.c.o: In function `main':
CheckSymbolExists.c:(.text+0x1b): undefined reference to `pthread_create'
collect2: error: ld returned 1 exit status
CMakeFiles/cmTC_bea17.dir/build.make:97: recipe for target 'cmTC_bea17' failed
make[1]: *** [cmTC_bea17] Error 1
make[1]: Leaving directory '/home/morgan/projects/cws_ws/build_isolated/franka_tools/CMakeFiles/CMakeTmp'
Makefile:126: recipe for target 'cmTC_bea17/fast' failed
make: *** [cmTC_bea17/fast] Error 2

File /home/morgan/projects/cws_ws/build_isolated/franka_tools/CMakeFiles/CMakeTmp/CheckSymbolExists.c:
/* */
#include <pthread.h>

int main(int argc, char** argv)
{
  (void)argv;
#ifndef pthread_create
  return ((int*)(&pthread_create))[argc];
#else
  (void)argc;
  return 0;
#endif
}

Determining if the function pthread_create exists in the pthreads failed with the following output:
Change Dir: /home/morgan/projects/cws_ws/build_isolated/franka_tools/CMakeFiles/CMakeTmp

Run Build Command:"/usr/bin/make" "cmTC_50a53/fast"
/usr/bin/make -f CMakeFiles/cmTC_50a53.dir/build.make CMakeFiles/cmTC_50a53.dir/build
make[1]: Entering directory '/home/morgan/projects/cws_ws/build_isolated/franka_tools/CMakeFiles/CMakeTmp'
Building C object CMakeFiles/cmTC_50a53.dir/CheckFunctionExists.c.o
/usr/bin/cc   -DCHECK_FUNCTION_EXISTS=pthread_create   -o CMakeFiles/cmTC_50a53.dir/CheckFunctionExists.c.o   -c /usr/share/cmake-3.10/Modules/CheckFunctionExists.c
Linking C executable cmTC_50a53
/usr/bin/cmake -E cmake_link_script CMakeFiles/cmTC_50a53.dir/link.txt --verbose=1
/usr/bin/cc  -DCHECK_FUNCTION_EXISTS=pthread_create    -rdynamic CMakeFiles/cmTC_50a53.dir/CheckFunctionExists.c.o  -o cmTC_50a53 -lpthreads 
/usr/bin/ld: cannot find -lpthreads
collect2: error: ld returned 1 exit status
CMakeFiles/cmTC_50a53.dir/build.make:97: recipe for target 'cmTC_50a53' failed
make[1]: *** [cmTC_50a53] Error 1
make[1]: Leaving directory '/home/morgan/projects/cws_ws/build_isolated/franka_tools/CMakeFiles/CMakeTmp'
Makefile:126: recipe for target 'cmTC_50a53/fast' failed
make: *** [cmTC_50a53/fast] Error 2


