Determining if the pthread_create exist failed with the following output:
Change Dir: /home/morgan/projects/cws_ws/build_isolated/franka_hw/CMakeFiles/CMakeTmp

Run Build Command:"/usr/bin/make" "cmTC_f638f/fast"
/usr/bin/make -f CMakeFiles/cmTC_f638f.dir/build.make CMakeFiles/cmTC_f638f.dir/build
make[1]: Entering directory '/home/morgan/projects/cws_ws/build_isolated/franka_hw/CMakeFiles/CMakeTmp'
Building C object CMakeFiles/cmTC_f638f.dir/CheckSymbolExists.c.o
/usr/bin/cc    -o CMakeFiles/cmTC_f638f.dir/CheckSymbolExists.c.o   -c /home/morgan/projects/cws_ws/build_isolated/franka_hw/CMakeFiles/CMakeTmp/CheckSymbolExists.c
Linking C executable cmTC_f638f
/usr/bin/cmake -E cmake_link_script CMakeFiles/cmTC_f638f.dir/link.txt --verbose=1
/usr/bin/cc      -rdynamic CMakeFiles/cmTC_f638f.dir/CheckSymbolExists.c.o  -o cmTC_f638f 
CMakeFiles/cmTC_f638f.dir/CheckSymbolExists.c.o: In function `main':
CheckSymbolExists.c:(.text+0x1b): undefined reference to `pthread_create'
collect2: error: ld returned 1 exit status
CMakeFiles/cmTC_f638f.dir/build.make:97: recipe for target 'cmTC_f638f' failed
make[1]: *** [cmTC_f638f] Error 1
make[1]: Leaving directory '/home/morgan/projects/cws_ws/build_isolated/franka_hw/CMakeFiles/CMakeTmp'
Makefile:126: recipe for target 'cmTC_f638f/fast' failed
make: *** [cmTC_f638f/fast] Error 2

File /home/morgan/projects/cws_ws/build_isolated/franka_hw/CMakeFiles/CMakeTmp/CheckSymbolExists.c:
/* */
#include <pthread.h>

int main(int argc, char** argv)
{
  (void)argv;
#ifndef pthread_create
  return ((int*)(&pthread_create))[argc];
#else
  (void)argc;
  return 0;
#endif
}

Determining if the function pthread_create exists in the pthreads failed with the following output:
Change Dir: /home/morgan/projects/cws_ws/build_isolated/franka_hw/CMakeFiles/CMakeTmp

Run Build Command:"/usr/bin/make" "cmTC_325bd/fast"
/usr/bin/make -f CMakeFiles/cmTC_325bd.dir/build.make CMakeFiles/cmTC_325bd.dir/build
make[1]: Entering directory '/home/morgan/projects/cws_ws/build_isolated/franka_hw/CMakeFiles/CMakeTmp'
Building C object CMakeFiles/cmTC_325bd.dir/CheckFunctionExists.c.o
/usr/bin/cc   -DCHECK_FUNCTION_EXISTS=pthread_create   -o CMakeFiles/cmTC_325bd.dir/CheckFunctionExists.c.o   -c /usr/share/cmake-3.10/Modules/CheckFunctionExists.c
Linking C executable cmTC_325bd
/usr/bin/cmake -E cmake_link_script CMakeFiles/cmTC_325bd.dir/link.txt --verbose=1
/usr/bin/cc  -DCHECK_FUNCTION_EXISTS=pthread_create    -rdynamic CMakeFiles/cmTC_325bd.dir/CheckFunctionExists.c.o  -o cmTC_325bd -lpthreads 
/usr/bin/ld: cannot find -lpthreads
collect2: error: ld returned 1 exit status
CMakeFiles/cmTC_325bd.dir/build.make:97: recipe for target 'cmTC_325bd' failed
make[1]: *** [cmTC_325bd] Error 1
make[1]: Leaving directory '/home/morgan/projects/cws_ws/build_isolated/franka_hw/CMakeFiles/CMakeTmp'
Makefile:126: recipe for target 'cmTC_325bd/fast' failed
make: *** [cmTC_325bd/fast] Error 2


