Determining if the pthread_create exist failed with the following output:
Change Dir: /home/morgan/projects/cws_ws/build_isolated/panda_moveit_config/CMakeFiles/CMakeTmp

Run Build Command:"/usr/bin/make" "cmTC_cf04d/fast"
/usr/bin/make -f CMakeFiles/cmTC_cf04d.dir/build.make CMakeFiles/cmTC_cf04d.dir/build
make[1]: Entering directory '/home/morgan/projects/cws_ws/build_isolated/panda_moveit_config/CMakeFiles/CMakeTmp'
Building C object CMakeFiles/cmTC_cf04d.dir/CheckSymbolExists.c.o
/usr/bin/cc    -o CMakeFiles/cmTC_cf04d.dir/CheckSymbolExists.c.o   -c /home/morgan/projects/cws_ws/build_isolated/panda_moveit_config/CMakeFiles/CMakeTmp/CheckSymbolExists.c
Linking C executable cmTC_cf04d
/usr/bin/cmake -E cmake_link_script CMakeFiles/cmTC_cf04d.dir/link.txt --verbose=1
/usr/bin/cc      -rdynamic CMakeFiles/cmTC_cf04d.dir/CheckSymbolExists.c.o  -o cmTC_cf04d 
CMakeFiles/cmTC_cf04d.dir/CheckSymbolExists.c.o: In function `main':
CheckSymbolExists.c:(.text+0x1b): undefined reference to `pthread_create'
collect2: error: ld returned 1 exit status
CMakeFiles/cmTC_cf04d.dir/build.make:97: recipe for target 'cmTC_cf04d' failed
make[1]: *** [cmTC_cf04d] Error 1
make[1]: Leaving directory '/home/morgan/projects/cws_ws/build_isolated/panda_moveit_config/CMakeFiles/CMakeTmp'
Makefile:126: recipe for target 'cmTC_cf04d/fast' failed
make: *** [cmTC_cf04d/fast] Error 2

File /home/morgan/projects/cws_ws/build_isolated/panda_moveit_config/CMakeFiles/CMakeTmp/CheckSymbolExists.c:
/* */
#include <pthread.h>

int main(int argc, char** argv)
{
  (void)argv;
#ifndef pthread_create
  return ((int*)(&pthread_create))[argc];
#else
  (void)argc;
  return 0;
#endif
}

Determining if the function pthread_create exists in the pthreads failed with the following output:
Change Dir: /home/morgan/projects/cws_ws/build_isolated/panda_moveit_config/CMakeFiles/CMakeTmp

Run Build Command:"/usr/bin/make" "cmTC_875dc/fast"
/usr/bin/make -f CMakeFiles/cmTC_875dc.dir/build.make CMakeFiles/cmTC_875dc.dir/build
make[1]: Entering directory '/home/morgan/projects/cws_ws/build_isolated/panda_moveit_config/CMakeFiles/CMakeTmp'
Building C object CMakeFiles/cmTC_875dc.dir/CheckFunctionExists.c.o
/usr/bin/cc   -DCHECK_FUNCTION_EXISTS=pthread_create   -o CMakeFiles/cmTC_875dc.dir/CheckFunctionExists.c.o   -c /usr/share/cmake-3.10/Modules/CheckFunctionExists.c
Linking C executable cmTC_875dc
/usr/bin/cmake -E cmake_link_script CMakeFiles/cmTC_875dc.dir/link.txt --verbose=1
/usr/bin/cc  -DCHECK_FUNCTION_EXISTS=pthread_create    -rdynamic CMakeFiles/cmTC_875dc.dir/CheckFunctionExists.c.o  -o cmTC_875dc -lpthreads 
/usr/bin/ld: cannot find -lpthreads
collect2: error: ld returned 1 exit status
CMakeFiles/cmTC_875dc.dir/build.make:97: recipe for target 'cmTC_875dc' failed
make[1]: *** [cmTC_875dc] Error 1
make[1]: Leaving directory '/home/morgan/projects/cws_ws/build_isolated/panda_moveit_config/CMakeFiles/CMakeTmp'
Makefile:126: recipe for target 'cmTC_875dc/fast' failed
make: *** [cmTC_875dc/fast] Error 2


