Linked: (/home/morgan/projects/ros_cws_planner/devel/.private/franka_msgs/share/roseus/ros/franka_msgs/manifest.l, /home/morgan/projects/ros_cws_planner/devel/share/roseus/ros/franka_msgs/manifest.l)
Linked: (/home/morgan/projects/ros_cws_planner/devel/.private/franka_msgs/share/roseus/ros/franka_msgs/msg/FrankaState.l, /home/morgan/projects/ros_cws_planner/devel/share/roseus/ros/franka_msgs/msg/FrankaState.l)
Linked: (/home/morgan/projects/ros_cws_planner/devel/.private/franka_msgs/share/roseus/ros/franka_msgs/msg/Errors.l, /home/morgan/projects/ros_cws_planner/devel/share/roseus/ros/franka_msgs/msg/Errors.l)
Linked: (/home/morgan/projects/ros_cws_planner/devel/.private/franka_msgs/share/roseus/ros/franka_msgs/msg/ErrorRecoveryActionGoal.l, /home/morgan/projects/ros_cws_planner/devel/share/roseus/ros/franka_msgs/msg/ErrorRecoveryActionGoal.l)
Linked: (/home/morgan/projects/ros_cws_planner/devel/.private/franka_msgs/share/roseus/ros/franka_msgs/msg/ErrorRecoveryFeedback.l, /home/morgan/projects/ros_cws_planner/devel/share/roseus/ros/franka_msgs/msg/ErrorRecoveryFeedback.l)
Linked: (/home/morgan/projects/ros_cws_planner/devel/.private/franka_msgs/share/roseus/ros/franka_msgs/msg/ErrorRecoveryActionFeedback.l, /home/morgan/projects/ros_cws_planner/devel/share/roseus/ros/franka_msgs/msg/ErrorRecoveryActionFeedback.l)
Linked: (/home/morgan/projects/ros_cws_planner/devel/.private/franka_msgs/share/roseus/ros/franka_msgs/msg/ErrorRecoveryAction.l, /home/morgan/projects/ros_cws_planner/devel/share/roseus/ros/franka_msgs/msg/ErrorRecoveryAction.l)
Linked: (/home/morgan/projects/ros_cws_planner/devel/.private/franka_msgs/share/roseus/ros/franka_msgs/msg/ErrorRecoveryActionResult.l, /home/morgan/projects/ros_cws_planner/devel/share/roseus/ros/franka_msgs/msg/ErrorRecoveryActionResult.l)
Linked: (/home/morgan/projects/ros_cws_planner/devel/.private/franka_msgs/share/roseus/ros/franka_msgs/msg/ErrorRecoveryGoal.l, /home/morgan/projects/ros_cws_planner/devel/share/roseus/ros/franka_msgs/msg/ErrorRecoveryGoal.l)
Linked: (/home/morgan/projects/ros_cws_planner/devel/.private/franka_msgs/share/roseus/ros/franka_msgs/msg/ErrorRecoveryResult.l, /home/morgan/projects/ros_cws_planner/devel/share/roseus/ros/franka_msgs/msg/ErrorRecoveryResult.l)
Linked: (/home/morgan/projects/ros_cws_planner/devel/.private/franka_msgs/share/roseus/ros/franka_msgs/srv/SetJointImpedance.l, /home/morgan/projects/ros_cws_planner/devel/share/roseus/ros/franka_msgs/srv/SetJointImpedance.l)
Linked: (/home/morgan/projects/ros_cws_planner/devel/.private/franka_msgs/share/roseus/ros/franka_msgs/srv/SetFullCollisionBehavior.l, /home/morgan/projects/ros_cws_planner/devel/share/roseus/ros/franka_msgs/srv/SetFullCollisionBehavior.l)
Linked: (/home/morgan/projects/ros_cws_planner/devel/.private/franka_msgs/share/roseus/ros/franka_msgs/srv/SetCartesianImpedance.l, /home/morgan/projects/ros_cws_planner/devel/share/roseus/ros/franka_msgs/srv/SetCartesianImpedance.l)
Linked: (/home/morgan/projects/ros_cws_planner/devel/.private/franka_msgs/share/roseus/ros/franka_msgs/srv/SetEEFrame.l, /home/morgan/projects/ros_cws_planner/devel/share/roseus/ros/franka_msgs/srv/SetEEFrame.l)
Linked: (/home/morgan/projects/ros_cws_planner/devel/.private/franka_msgs/share/roseus/ros/franka_msgs/srv/SetLoad.l, /home/morgan/projects/ros_cws_planner/devel/share/roseus/ros/franka_msgs/srv/SetLoad.l)
Linked: (/home/morgan/projects/ros_cws_planner/devel/.private/franka_msgs/share/roseus/ros/franka_msgs/srv/SetKFrame.l, /home/morgan/projects/ros_cws_planner/devel/share/roseus/ros/franka_msgs/srv/SetKFrame.l)
Linked: (/home/morgan/projects/ros_cws_planner/devel/.private/franka_msgs/share/roseus/ros/franka_msgs/srv/SetForceTorqueCollisionBehavior.l, /home/morgan/projects/ros_cws_planner/devel/share/roseus/ros/franka_msgs/srv/SetForceTorqueCollisionBehavior.l)
Linked: (/home/morgan/projects/ros_cws_planner/devel/.private/franka_msgs/share/gennodejs/ros/franka_msgs/_index.js, /home/morgan/projects/ros_cws_planner/devel/share/gennodejs/ros/franka_msgs/_index.js)
Linked: (/home/morgan/projects/ros_cws_planner/devel/.private/franka_msgs/share/gennodejs/ros/franka_msgs/msg/ErrorRecoveryResult.js, /home/morgan/projects/ros_cws_planner/devel/share/gennodejs/ros/franka_msgs/msg/ErrorRecoveryResult.js)
Linked: (/home/morgan/projects/ros_cws_planner/devel/.private/franka_msgs/share/gennodejs/ros/franka_msgs/msg/ErrorRecoveryAction.js, /home/morgan/projects/ros_cws_planner/devel/share/gennodejs/ros/franka_msgs/msg/ErrorRecoveryAction.js)
Linked: (/home/morgan/projects/ros_cws_planner/devel/.private/franka_msgs/share/gennodejs/ros/franka_msgs/msg/ErrorRecoveryFeedback.js, /home/morgan/projects/ros_cws_planner/devel/share/gennodejs/ros/franka_msgs/msg/ErrorRecoveryFeedback.js)
Linked: (/home/morgan/projects/ros_cws_planner/devel/.private/franka_msgs/share/gennodejs/ros/franka_msgs/msg/ErrorRecoveryGoal.js, /home/morgan/projects/ros_cws_planner/devel/share/gennodejs/ros/franka_msgs/msg/ErrorRecoveryGoal.js)
Linked: (/home/morgan/projects/ros_cws_planner/devel/.private/franka_msgs/share/gennodejs/ros/franka_msgs/msg/ErrorRecoveryActionFeedback.js, /home/morgan/projects/ros_cws_planner/devel/share/gennodejs/ros/franka_msgs/msg/ErrorRecoveryActionFeedback.js)
Linked: (/home/morgan/projects/ros_cws_planner/devel/.private/franka_msgs/share/gennodejs/ros/franka_msgs/msg/Errors.js, /home/morgan/projects/ros_cws_planner/devel/share/gennodejs/ros/franka_msgs/msg/Errors.js)
Linked: (/home/morgan/projects/ros_cws_planner/devel/.private/franka_msgs/share/gennodejs/ros/franka_msgs/msg/ErrorRecoveryActionResult.js, /home/morgan/projects/ros_cws_planner/devel/share/gennodejs/ros/franka_msgs/msg/ErrorRecoveryActionResult.js)
Linked: (/home/morgan/projects/ros_cws_planner/devel/.private/franka_msgs/share/gennodejs/ros/franka_msgs/msg/ErrorRecoveryActionGoal.js, /home/morgan/projects/ros_cws_planner/devel/share/gennodejs/ros/franka_msgs/msg/ErrorRecoveryActionGoal.js)
Linked: (/home/morgan/projects/ros_cws_planner/devel/.private/franka_msgs/share/gennodejs/ros/franka_msgs/msg/FrankaState.js, /home/morgan/projects/ros_cws_planner/devel/share/gennodejs/ros/franka_msgs/msg/FrankaState.js)
Linked: (/home/morgan/projects/ros_cws_planner/devel/.private/franka_msgs/share/gennodejs/ros/franka_msgs/msg/_index.js, /home/morgan/projects/ros_cws_planner/devel/share/gennodejs/ros/franka_msgs/msg/_index.js)
Linked: (/home/morgan/projects/ros_cws_planner/devel/.private/franka_msgs/share/gennodejs/ros/franka_msgs/srv/SetEEFrame.js, /home/morgan/projects/ros_cws_planner/devel/share/gennodejs/ros/franka_msgs/srv/SetEEFrame.js)
Linked: (/home/morgan/projects/ros_cws_planner/devel/.private/franka_msgs/share/gennodejs/ros/franka_msgs/srv/SetLoad.js, /home/morgan/projects/ros_cws_planner/devel/share/gennodejs/ros/franka_msgs/srv/SetLoad.js)
Linked: (/home/morgan/projects/ros_cws_planner/devel/.private/franka_msgs/share/gennodejs/ros/franka_msgs/srv/SetForceTorqueCollisionBehavior.js, /home/morgan/projects/ros_cws_planner/devel/share/gennodejs/ros/franka_msgs/srv/SetForceTorqueCollisionBehavior.js)
Linked: (/home/morgan/projects/ros_cws_planner/devel/.private/franka_msgs/share/gennodejs/ros/franka_msgs/srv/SetJointImpedance.js, /home/morgan/projects/ros_cws_planner/devel/share/gennodejs/ros/franka_msgs/srv/SetJointImpedance.js)
Linked: (/home/morgan/projects/ros_cws_planner/devel/.private/franka_msgs/share/gennodejs/ros/franka_msgs/srv/SetFullCollisionBehavior.js, /home/morgan/projects/ros_cws_planner/devel/share/gennodejs/ros/franka_msgs/srv/SetFullCollisionBehavior.js)
Linked: (/home/morgan/projects/ros_cws_planner/devel/.private/franka_msgs/share/gennodejs/ros/franka_msgs/srv/SetCartesianImpedance.js, /home/morgan/projects/ros_cws_planner/devel/share/gennodejs/ros/franka_msgs/srv/SetCartesianImpedance.js)
Linked: (/home/morgan/projects/ros_cws_planner/devel/.private/franka_msgs/share/gennodejs/ros/franka_msgs/srv/SetKFrame.js, /home/morgan/projects/ros_cws_planner/devel/share/gennodejs/ros/franka_msgs/srv/SetKFrame.js)
Linked: (/home/morgan/projects/ros_cws_planner/devel/.private/franka_msgs/share/gennodejs/ros/franka_msgs/srv/_index.js, /home/morgan/projects/ros_cws_planner/devel/share/gennodejs/ros/franka_msgs/srv/_index.js)
Linked: (/home/morgan/projects/ros_cws_planner/devel/.private/franka_msgs/share/common-lisp/ros/franka_msgs/msg/_package_ErrorRecoveryGoal.lisp, /home/morgan/projects/ros_cws_planner/devel/share/common-lisp/ros/franka_msgs/msg/_package_ErrorRecoveryGoal.lisp)
Linked: (/home/morgan/projects/ros_cws_planner/devel/.private/franka_msgs/share/common-lisp/ros/franka_msgs/msg/FrankaState.lisp, /home/morgan/projects/ros_cws_planner/devel/share/common-lisp/ros/franka_msgs/msg/FrankaState.lisp)
Linked: (/home/morgan/projects/ros_cws_planner/devel/.private/franka_msgs/share/common-lisp/ros/franka_msgs/msg/_package_ErrorRecoveryResult.lisp, /home/morgan/projects/ros_cws_planner/devel/share/common-lisp/ros/franka_msgs/msg/_package_ErrorRecoveryResult.lisp)
Linked: (/home/morgan/projects/ros_cws_planner/devel/.private/franka_msgs/share/common-lisp/ros/franka_msgs/msg/_package_ErrorRecoveryActionGoal.lisp, /home/morgan/projects/ros_cws_planner/devel/share/common-lisp/ros/franka_msgs/msg/_package_ErrorRecoveryActionGoal.lisp)
Linked: (/home/morgan/projects/ros_cws_planner/devel/.private/franka_msgs/share/common-lisp/ros/franka_msgs/msg/_package.lisp, /home/morgan/projects/ros_cws_planner/devel/share/common-lisp/ros/franka_msgs/msg/_package.lisp)
Linked: (/home/morgan/projects/ros_cws_planner/devel/.private/franka_msgs/share/common-lisp/ros/franka_msgs/msg/_package_ErrorRecoveryActionFeedback.lisp, /home/morgan/projects/ros_cws_planner/devel/share/common-lisp/ros/franka_msgs/msg/_package_ErrorRecoveryActionFeedback.lisp)
Linked: (/home/morgan/projects/ros_cws_planner/devel/.private/franka_msgs/share/common-lisp/ros/franka_msgs/msg/ErrorRecoveryActionFeedback.lisp, /home/morgan/projects/ros_cws_planner/devel/share/common-lisp/ros/franka_msgs/msg/ErrorRecoveryActionFeedback.lisp)
Linked: (/home/morgan/projects/ros_cws_planner/devel/.private/franka_msgs/share/common-lisp/ros/franka_msgs/msg/_package_ErrorRecoveryActionResult.lisp, /home/morgan/projects/ros_cws_planner/devel/share/common-lisp/ros/franka_msgs/msg/_package_ErrorRecoveryActionResult.lisp)
Linked: (/home/morgan/projects/ros_cws_planner/devel/.private/franka_msgs/share/common-lisp/ros/franka_msgs/msg/ErrorRecoveryResult.lisp, /home/morgan/projects/ros_cws_planner/devel/share/common-lisp/ros/franka_msgs/msg/ErrorRecoveryResult.lisp)
Linked: (/home/morgan/projects/ros_cws_planner/devel/.private/franka_msgs/share/common-lisp/ros/franka_msgs/msg/ErrorRecoveryAction.lisp, /home/morgan/projects/ros_cws_planner/devel/share/common-lisp/ros/franka_msgs/msg/ErrorRecoveryAction.lisp)
Linked: (/home/morgan/projects/ros_cws_planner/devel/.private/franka_msgs/share/common-lisp/ros/franka_msgs/msg/ErrorRecoveryGoal.lisp, /home/morgan/projects/ros_cws_planner/devel/share/common-lisp/ros/franka_msgs/msg/ErrorRecoveryGoal.lisp)
Linked: (/home/morgan/projects/ros_cws_planner/devel/.private/franka_msgs/share/common-lisp/ros/franka_msgs/msg/_package_Errors.lisp, /home/morgan/projects/ros_cws_planner/devel/share/common-lisp/ros/franka_msgs/msg/_package_Errors.lisp)
Linked: (/home/morgan/projects/ros_cws_planner/devel/.private/franka_msgs/share/common-lisp/ros/franka_msgs/msg/ErrorRecoveryActionGoal.lisp, /home/morgan/projects/ros_cws_planner/devel/share/common-lisp/ros/franka_msgs/msg/ErrorRecoveryActionGoal.lisp)
Linked: (/home/morgan/projects/ros_cws_planner/devel/.private/franka_msgs/share/common-lisp/ros/franka_msgs/msg/_package_FrankaState.lisp, /home/morgan/projects/ros_cws_planner/devel/share/common-lisp/ros/franka_msgs/msg/_package_FrankaState.lisp)
Linked: (/home/morgan/projects/ros_cws_planner/devel/.private/franka_msgs/share/common-lisp/ros/franka_msgs/msg/franka_msgs-msg.asd, /home/morgan/projects/ros_cws_planner/devel/share/common-lisp/ros/franka_msgs/msg/franka_msgs-msg.asd)
Linked: (/home/morgan/projects/ros_cws_planner/devel/.private/franka_msgs/share/common-lisp/ros/franka_msgs/msg/ErrorRecoveryFeedback.lisp, /home/morgan/projects/ros_cws_planner/devel/share/common-lisp/ros/franka_msgs/msg/ErrorRecoveryFeedback.lisp)
Linked: (/home/morgan/projects/ros_cws_planner/devel/.private/franka_msgs/share/common-lisp/ros/franka_msgs/msg/ErrorRecoveryActionResult.lisp, /home/morgan/projects/ros_cws_planner/devel/share/common-lisp/ros/franka_msgs/msg/ErrorRecoveryActionResult.lisp)
Linked: (/home/morgan/projects/ros_cws_planner/devel/.private/franka_msgs/share/common-lisp/ros/franka_msgs/msg/_package_ErrorRecoveryAction.lisp, /home/morgan/projects/ros_cws_planner/devel/share/common-lisp/ros/franka_msgs/msg/_package_ErrorRecoveryAction.lisp)
Linked: (/home/morgan/projects/ros_cws_planner/devel/.private/franka_msgs/share/common-lisp/ros/franka_msgs/msg/_package_ErrorRecoveryFeedback.lisp, /home/morgan/projects/ros_cws_planner/devel/share/common-lisp/ros/franka_msgs/msg/_package_ErrorRecoveryFeedback.lisp)
Linked: (/home/morgan/projects/ros_cws_planner/devel/.private/franka_msgs/share/common-lisp/ros/franka_msgs/msg/Errors.lisp, /home/morgan/projects/ros_cws_planner/devel/share/common-lisp/ros/franka_msgs/msg/Errors.lisp)
Linked: (/home/morgan/projects/ros_cws_planner/devel/.private/franka_msgs/share/common-lisp/ros/franka_msgs/srv/franka_msgs-srv.asd, /home/morgan/projects/ros_cws_planner/devel/share/common-lisp/ros/franka_msgs/srv/franka_msgs-srv.asd)
Linked: (/home/morgan/projects/ros_cws_planner/devel/.private/franka_msgs/share/common-lisp/ros/franka_msgs/srv/_package_SetCartesianImpedance.lisp, /home/morgan/projects/ros_cws_planner/devel/share/common-lisp/ros/franka_msgs/srv/_package_SetCartesianImpedance.lisp)
Linked: (/home/morgan/projects/ros_cws_planner/devel/.private/franka_msgs/share/common-lisp/ros/franka_msgs/srv/_package_SetEEFrame.lisp, /home/morgan/projects/ros_cws_planner/devel/share/common-lisp/ros/franka_msgs/srv/_package_SetEEFrame.lisp)
Linked: (/home/morgan/projects/ros_cws_planner/devel/.private/franka_msgs/share/common-lisp/ros/franka_msgs/srv/_package.lisp, /home/morgan/projects/ros_cws_planner/devel/share/common-lisp/ros/franka_msgs/srv/_package.lisp)
Linked: (/home/morgan/projects/ros_cws_planner/devel/.private/franka_msgs/share/common-lisp/ros/franka_msgs/srv/SetForceTorqueCollisionBehavior.lisp, /home/morgan/projects/ros_cws_planner/devel/share/common-lisp/ros/franka_msgs/srv/SetForceTorqueCollisionBehavior.lisp)
Linked: (/home/morgan/projects/ros_cws_planner/devel/.private/franka_msgs/share/common-lisp/ros/franka_msgs/srv/SetEEFrame.lisp, /home/morgan/projects/ros_cws_planner/devel/share/common-lisp/ros/franka_msgs/srv/SetEEFrame.lisp)
Linked: (/home/morgan/projects/ros_cws_planner/devel/.private/franka_msgs/share/common-lisp/ros/franka_msgs/srv/_package_SetJointImpedance.lisp, /home/morgan/projects/ros_cws_planner/devel/share/common-lisp/ros/franka_msgs/srv/_package_SetJointImpedance.lisp)
Linked: (/home/morgan/projects/ros_cws_planner/devel/.private/franka_msgs/share/common-lisp/ros/franka_msgs/srv/_package_SetFullCollisionBehavior.lisp, /home/morgan/projects/ros_cws_planner/devel/share/common-lisp/ros/franka_msgs/srv/_package_SetFullCollisionBehavior.lisp)
Linked: (/home/morgan/projects/ros_cws_planner/devel/.private/franka_msgs/share/common-lisp/ros/franka_msgs/srv/SetCartesianImpedance.lisp, /home/morgan/projects/ros_cws_planner/devel/share/common-lisp/ros/franka_msgs/srv/SetCartesianImpedance.lisp)
Linked: (/home/morgan/projects/ros_cws_planner/devel/.private/franka_msgs/share/common-lisp/ros/franka_msgs/srv/_package_SetLoad.lisp, /home/morgan/projects/ros_cws_planner/devel/share/common-lisp/ros/franka_msgs/srv/_package_SetLoad.lisp)
Linked: (/home/morgan/projects/ros_cws_planner/devel/.private/franka_msgs/share/common-lisp/ros/franka_msgs/srv/SetJointImpedance.lisp, /home/morgan/projects/ros_cws_planner/devel/share/common-lisp/ros/franka_msgs/srv/SetJointImpedance.lisp)
Linked: (/home/morgan/projects/ros_cws_planner/devel/.private/franka_msgs/share/common-lisp/ros/franka_msgs/srv/_package_SetForceTorqueCollisionBehavior.lisp, /home/morgan/projects/ros_cws_planner/devel/share/common-lisp/ros/franka_msgs/srv/_package_SetForceTorqueCollisionBehavior.lisp)
Linked: (/home/morgan/projects/ros_cws_planner/devel/.private/franka_msgs/share/common-lisp/ros/franka_msgs/srv/SetFullCollisionBehavior.lisp, /home/morgan/projects/ros_cws_planner/devel/share/common-lisp/ros/franka_msgs/srv/SetFullCollisionBehavior.lisp)
Linked: (/home/morgan/projects/ros_cws_planner/devel/.private/franka_msgs/share/common-lisp/ros/franka_msgs/srv/SetLoad.lisp, /home/morgan/projects/ros_cws_planner/devel/share/common-lisp/ros/franka_msgs/srv/SetLoad.lisp)
Linked: (/home/morgan/projects/ros_cws_planner/devel/.private/franka_msgs/share/common-lisp/ros/franka_msgs/srv/SetKFrame.lisp, /home/morgan/projects/ros_cws_planner/devel/share/common-lisp/ros/franka_msgs/srv/SetKFrame.lisp)
Linked: (/home/morgan/projects/ros_cws_planner/devel/.private/franka_msgs/share/common-lisp/ros/franka_msgs/srv/_package_SetKFrame.lisp, /home/morgan/projects/ros_cws_planner/devel/share/common-lisp/ros/franka_msgs/srv/_package_SetKFrame.lisp)
Linked: (/home/morgan/projects/ros_cws_planner/devel/.private/franka_msgs/share/franka_msgs/msg/ErrorRecoveryAction.msg, /home/morgan/projects/ros_cws_planner/devel/share/franka_msgs/msg/ErrorRecoveryAction.msg)
Linked: (/home/morgan/projects/ros_cws_planner/devel/.private/franka_msgs/share/franka_msgs/msg/ErrorRecoveryActionFeedback.msg, /home/morgan/projects/ros_cws_planner/devel/share/franka_msgs/msg/ErrorRecoveryActionFeedback.msg)
Linked: (/home/morgan/projects/ros_cws_planner/devel/.private/franka_msgs/share/franka_msgs/msg/ErrorRecoveryFeedback.msg, /home/morgan/projects/ros_cws_planner/devel/share/franka_msgs/msg/ErrorRecoveryFeedback.msg)
Linked: (/home/morgan/projects/ros_cws_planner/devel/.private/franka_msgs/share/franka_msgs/msg/ErrorRecoveryGoal.msg, /home/morgan/projects/ros_cws_planner/devel/share/franka_msgs/msg/ErrorRecoveryGoal.msg)
Linked: (/home/morgan/projects/ros_cws_planner/devel/.private/franka_msgs/share/franka_msgs/msg/ErrorRecoveryResult.msg, /home/morgan/projects/ros_cws_planner/devel/share/franka_msgs/msg/ErrorRecoveryResult.msg)
Linked: (/home/morgan/projects/ros_cws_planner/devel/.private/franka_msgs/share/franka_msgs/msg/ErrorRecoveryActionGoal.msg, /home/morgan/projects/ros_cws_planner/devel/share/franka_msgs/msg/ErrorRecoveryActionGoal.msg)
Linked: (/home/morgan/projects/ros_cws_planner/devel/.private/franka_msgs/share/franka_msgs/msg/ErrorRecoveryActionResult.msg, /home/morgan/projects/ros_cws_planner/devel/share/franka_msgs/msg/ErrorRecoveryActionResult.msg)
Linked: (/home/morgan/projects/ros_cws_planner/devel/.private/franka_msgs/share/franka_msgs/cmake/franka_msgsConfig-version.cmake, /home/morgan/projects/ros_cws_planner/devel/share/franka_msgs/cmake/franka_msgsConfig-version.cmake)
Linked: (/home/morgan/projects/ros_cws_planner/devel/.private/franka_msgs/share/franka_msgs/cmake/franka_msgs-msg-paths.cmake, /home/morgan/projects/ros_cws_planner/devel/share/franka_msgs/cmake/franka_msgs-msg-paths.cmake)
Linked: (/home/morgan/projects/ros_cws_planner/devel/.private/franka_msgs/share/franka_msgs/cmake/franka_msgsConfig.cmake, /home/morgan/projects/ros_cws_planner/devel/share/franka_msgs/cmake/franka_msgsConfig.cmake)
Linked: (/home/morgan/projects/ros_cws_planner/devel/.private/franka_msgs/share/franka_msgs/cmake/franka_msgs-msg-extras.cmake, /home/morgan/projects/ros_cws_planner/devel/share/franka_msgs/cmake/franka_msgs-msg-extras.cmake)
Linked: (/home/morgan/projects/ros_cws_planner/devel/.private/franka_msgs/include/franka_msgs/SetForceTorqueCollisionBehaviorResponse.h, /home/morgan/projects/ros_cws_planner/devel/include/franka_msgs/SetForceTorqueCollisionBehaviorResponse.h)
Linked: (/home/morgan/projects/ros_cws_planner/devel/.private/franka_msgs/include/franka_msgs/ErrorRecoveryGoal.h, /home/morgan/projects/ros_cws_planner/devel/include/franka_msgs/ErrorRecoveryGoal.h)
Linked: (/home/morgan/projects/ros_cws_planner/devel/.private/franka_msgs/include/franka_msgs/SetLoadRequest.h, /home/morgan/projects/ros_cws_planner/devel/include/franka_msgs/SetLoadRequest.h)
Linked: (/home/morgan/projects/ros_cws_planner/devel/.private/franka_msgs/include/franka_msgs/SetEEFrameRequest.h, /home/morgan/projects/ros_cws_planner/devel/include/franka_msgs/SetEEFrameRequest.h)
Linked: (/home/morgan/projects/ros_cws_planner/devel/.private/franka_msgs/include/franka_msgs/SetJointImpedanceResponse.h, /home/morgan/projects/ros_cws_planner/devel/include/franka_msgs/SetJointImpedanceResponse.h)
Linked: (/home/morgan/projects/ros_cws_planner/devel/.private/franka_msgs/include/franka_msgs/SetFullCollisionBehavior.h, /home/morgan/projects/ros_cws_planner/devel/include/franka_msgs/SetFullCollisionBehavior.h)
Linked: (/home/morgan/projects/ros_cws_planner/devel/.private/franka_msgs/include/franka_msgs/SetForceTorqueCollisionBehavior.h, /home/morgan/projects/ros_cws_planner/devel/include/franka_msgs/SetForceTorqueCollisionBehavior.h)
Linked: (/home/morgan/projects/ros_cws_planner/devel/.private/franka_msgs/include/franka_msgs/FrankaState.h, /home/morgan/projects/ros_cws_planner/devel/include/franka_msgs/FrankaState.h)
Linked: (/home/morgan/projects/ros_cws_planner/devel/.private/franka_msgs/include/franka_msgs/SetCartesianImpedanceRequest.h, /home/morgan/projects/ros_cws_planner/devel/include/franka_msgs/SetCartesianImpedanceRequest.h)
Linked: (/home/morgan/projects/ros_cws_planner/devel/.private/franka_msgs/include/franka_msgs/SetJointImpedanceRequest.h, /home/morgan/projects/ros_cws_planner/devel/include/franka_msgs/SetJointImpedanceRequest.h)
Linked: (/home/morgan/projects/ros_cws_planner/devel/.private/franka_msgs/include/franka_msgs/ErrorRecoveryAction.h, /home/morgan/projects/ros_cws_planner/devel/include/franka_msgs/ErrorRecoveryAction.h)
Linked: (/home/morgan/projects/ros_cws_planner/devel/.private/franka_msgs/include/franka_msgs/SetEEFrame.h, /home/morgan/projects/ros_cws_planner/devel/include/franka_msgs/SetEEFrame.h)
Linked: (/home/morgan/projects/ros_cws_planner/devel/.private/franka_msgs/include/franka_msgs/SetLoad.h, /home/morgan/projects/ros_cws_planner/devel/include/franka_msgs/SetLoad.h)
Linked: (/home/morgan/projects/ros_cws_planner/devel/.private/franka_msgs/include/franka_msgs/SetLoadResponse.h, /home/morgan/projects/ros_cws_planner/devel/include/franka_msgs/SetLoadResponse.h)
Linked: (/home/morgan/projects/ros_cws_planner/devel/.private/franka_msgs/include/franka_msgs/ErrorRecoveryActionFeedback.h, /home/morgan/projects/ros_cws_planner/devel/include/franka_msgs/ErrorRecoveryActionFeedback.h)
Linked: (/home/morgan/projects/ros_cws_planner/devel/.private/franka_msgs/include/franka_msgs/SetKFrameRequest.h, /home/morgan/projects/ros_cws_planner/devel/include/franka_msgs/SetKFrameRequest.h)
Linked: (/home/morgan/projects/ros_cws_planner/devel/.private/franka_msgs/include/franka_msgs/SetCartesianImpedanceResponse.h, /home/morgan/projects/ros_cws_planner/devel/include/franka_msgs/SetCartesianImpedanceResponse.h)
Linked: (/home/morgan/projects/ros_cws_planner/devel/.private/franka_msgs/include/franka_msgs/SetEEFrameResponse.h, /home/morgan/projects/ros_cws_planner/devel/include/franka_msgs/SetEEFrameResponse.h)
Linked: (/home/morgan/projects/ros_cws_planner/devel/.private/franka_msgs/include/franka_msgs/ErrorRecoveryFeedback.h, /home/morgan/projects/ros_cws_planner/devel/include/franka_msgs/ErrorRecoveryFeedback.h)
Linked: (/home/morgan/projects/ros_cws_planner/devel/.private/franka_msgs/include/franka_msgs/SetKFrameResponse.h, /home/morgan/projects/ros_cws_planner/devel/include/franka_msgs/SetKFrameResponse.h)
Linked: (/home/morgan/projects/ros_cws_planner/devel/.private/franka_msgs/include/franka_msgs/SetKFrame.h, /home/morgan/projects/ros_cws_planner/devel/include/franka_msgs/SetKFrame.h)
Linked: (/home/morgan/projects/ros_cws_planner/devel/.private/franka_msgs/include/franka_msgs/ErrorRecoveryResult.h, /home/morgan/projects/ros_cws_planner/devel/include/franka_msgs/ErrorRecoveryResult.h)
Linked: (/home/morgan/projects/ros_cws_planner/devel/.private/franka_msgs/include/franka_msgs/SetForceTorqueCollisionBehaviorRequest.h, /home/morgan/projects/ros_cws_planner/devel/include/franka_msgs/SetForceTorqueCollisionBehaviorRequest.h)
Linked: (/home/morgan/projects/ros_cws_planner/devel/.private/franka_msgs/include/franka_msgs/Errors.h, /home/morgan/projects/ros_cws_planner/devel/include/franka_msgs/Errors.h)
Linked: (/home/morgan/projects/ros_cws_planner/devel/.private/franka_msgs/include/franka_msgs/SetJointImpedance.h, /home/morgan/projects/ros_cws_planner/devel/include/franka_msgs/SetJointImpedance.h)
Linked: (/home/morgan/projects/ros_cws_planner/devel/.private/franka_msgs/include/franka_msgs/ErrorRecoveryActionGoal.h, /home/morgan/projects/ros_cws_planner/devel/include/franka_msgs/ErrorRecoveryActionGoal.h)
Linked: (/home/morgan/projects/ros_cws_planner/devel/.private/franka_msgs/include/franka_msgs/SetCartesianImpedance.h, /home/morgan/projects/ros_cws_planner/devel/include/franka_msgs/SetCartesianImpedance.h)
Linked: (/home/morgan/projects/ros_cws_planner/devel/.private/franka_msgs/include/franka_msgs/SetFullCollisionBehaviorResponse.h, /home/morgan/projects/ros_cws_planner/devel/include/franka_msgs/SetFullCollisionBehaviorResponse.h)
Linked: (/home/morgan/projects/ros_cws_planner/devel/.private/franka_msgs/include/franka_msgs/ErrorRecoveryActionResult.h, /home/morgan/projects/ros_cws_planner/devel/include/franka_msgs/ErrorRecoveryActionResult.h)
Linked: (/home/morgan/projects/ros_cws_planner/devel/.private/franka_msgs/include/franka_msgs/SetFullCollisionBehaviorRequest.h, /home/morgan/projects/ros_cws_planner/devel/include/franka_msgs/SetFullCollisionBehaviorRequest.h)
Linked: (/home/morgan/projects/ros_cws_planner/devel/.private/franka_msgs/lib/pkgconfig/franka_msgs.pc, /home/morgan/projects/ros_cws_planner/devel/lib/pkgconfig/franka_msgs.pc)
Linked: (/home/morgan/projects/ros_cws_planner/devel/.private/franka_msgs/lib/python2.7/dist-packages/franka_msgs/__init__.py, /home/morgan/projects/ros_cws_planner/devel/lib/python2.7/dist-packages/franka_msgs/__init__.py)
Linked: (/home/morgan/projects/ros_cws_planner/devel/.private/franka_msgs/lib/python2.7/dist-packages/franka_msgs/msg/_ErrorRecoveryActionResult.py, /home/morgan/projects/ros_cws_planner/devel/lib/python2.7/dist-packages/franka_msgs/msg/_ErrorRecoveryActionResult.py)
Linked: (/home/morgan/projects/ros_cws_planner/devel/.private/franka_msgs/lib/python2.7/dist-packages/franka_msgs/msg/_ErrorRecoveryResult.py, /home/morgan/projects/ros_cws_planner/devel/lib/python2.7/dist-packages/franka_msgs/msg/_ErrorRecoveryResult.py)
Linked: (/home/morgan/projects/ros_cws_planner/devel/.private/franka_msgs/lib/python2.7/dist-packages/franka_msgs/msg/_FrankaState.py, /home/morgan/projects/ros_cws_planner/devel/lib/python2.7/dist-packages/franka_msgs/msg/_FrankaState.py)
Linked: (/home/morgan/projects/ros_cws_planner/devel/.private/franka_msgs/lib/python2.7/dist-packages/franka_msgs/msg/_ErrorRecoveryAction.py, /home/morgan/projects/ros_cws_planner/devel/lib/python2.7/dist-packages/franka_msgs/msg/_ErrorRecoveryAction.py)
Linked: (/home/morgan/projects/ros_cws_planner/devel/.private/franka_msgs/lib/python2.7/dist-packages/franka_msgs/msg/_ErrorRecoveryActionGoal.py, /home/morgan/projects/ros_cws_planner/devel/lib/python2.7/dist-packages/franka_msgs/msg/_ErrorRecoveryActionGoal.py)
Linked: (/home/morgan/projects/ros_cws_planner/devel/.private/franka_msgs/lib/python2.7/dist-packages/franka_msgs/msg/__init__.py, /home/morgan/projects/ros_cws_planner/devel/lib/python2.7/dist-packages/franka_msgs/msg/__init__.py)
Linked: (/home/morgan/projects/ros_cws_planner/devel/.private/franka_msgs/lib/python2.7/dist-packages/franka_msgs/msg/_ErrorRecoveryActionFeedback.py, /home/morgan/projects/ros_cws_planner/devel/lib/python2.7/dist-packages/franka_msgs/msg/_ErrorRecoveryActionFeedback.py)
Linked: (/home/morgan/projects/ros_cws_planner/devel/.private/franka_msgs/lib/python2.7/dist-packages/franka_msgs/msg/_Errors.py, /home/morgan/projects/ros_cws_planner/devel/lib/python2.7/dist-packages/franka_msgs/msg/_Errors.py)
Linked: (/home/morgan/projects/ros_cws_planner/devel/.private/franka_msgs/lib/python2.7/dist-packages/franka_msgs/msg/_ErrorRecoveryFeedback.py, /home/morgan/projects/ros_cws_planner/devel/lib/python2.7/dist-packages/franka_msgs/msg/_ErrorRecoveryFeedback.py)
Linked: (/home/morgan/projects/ros_cws_planner/devel/.private/franka_msgs/lib/python2.7/dist-packages/franka_msgs/msg/_ErrorRecoveryGoal.py, /home/morgan/projects/ros_cws_planner/devel/lib/python2.7/dist-packages/franka_msgs/msg/_ErrorRecoveryGoal.py)
Linked: (/home/morgan/projects/ros_cws_planner/devel/.private/franka_msgs/lib/python2.7/dist-packages/franka_msgs/srv/_SetEEFrame.py, /home/morgan/projects/ros_cws_planner/devel/lib/python2.7/dist-packages/franka_msgs/srv/_SetEEFrame.py)
Linked: (/home/morgan/projects/ros_cws_planner/devel/.private/franka_msgs/lib/python2.7/dist-packages/franka_msgs/srv/_SetLoad.py, /home/morgan/projects/ros_cws_planner/devel/lib/python2.7/dist-packages/franka_msgs/srv/_SetLoad.py)
Linked: (/home/morgan/projects/ros_cws_planner/devel/.private/franka_msgs/lib/python2.7/dist-packages/franka_msgs/srv/_SetJointImpedance.py, /home/morgan/projects/ros_cws_planner/devel/lib/python2.7/dist-packages/franka_msgs/srv/_SetJointImpedance.py)
Linked: (/home/morgan/projects/ros_cws_planner/devel/.private/franka_msgs/lib/python2.7/dist-packages/franka_msgs/srv/_SetCartesianImpedance.py, /home/morgan/projects/ros_cws_planner/devel/lib/python2.7/dist-packages/franka_msgs/srv/_SetCartesianImpedance.py)
Linked: (/home/morgan/projects/ros_cws_planner/devel/.private/franka_msgs/lib/python2.7/dist-packages/franka_msgs/srv/_SetFullCollisionBehavior.py, /home/morgan/projects/ros_cws_planner/devel/lib/python2.7/dist-packages/franka_msgs/srv/_SetFullCollisionBehavior.py)
Linked: (/home/morgan/projects/ros_cws_planner/devel/.private/franka_msgs/lib/python2.7/dist-packages/franka_msgs/srv/__init__.py, /home/morgan/projects/ros_cws_planner/devel/lib/python2.7/dist-packages/franka_msgs/srv/__init__.py)
Linked: (/home/morgan/projects/ros_cws_planner/devel/.private/franka_msgs/lib/python2.7/dist-packages/franka_msgs/srv/_SetForceTorqueCollisionBehavior.py, /home/morgan/projects/ros_cws_planner/devel/lib/python2.7/dist-packages/franka_msgs/srv/_SetForceTorqueCollisionBehavior.py)
Linked: (/home/morgan/projects/ros_cws_planner/devel/.private/franka_msgs/lib/python2.7/dist-packages/franka_msgs/srv/_SetKFrame.py, /home/morgan/projects/ros_cws_planner/devel/lib/python2.7/dist-packages/franka_msgs/srv/_SetKFrame.py)
